<?xml version="1.0" encoding="UTF-8"?>
<TestRun id="4d7dec43-e836-4d5a-9c06-92ded06710bd" name="GT-ST-12@GT-IT-05 2015-07-03 09:29:38" runUser="GT-IT-05\GT-ST-12" xmlns="http://microsoft.com/schemas/VisualStudio/TeamTest/2010">
  <TestSettings name="Local" id="dab5cc4b-a662-4624-a19b-0adf81ea34e2">
    <Description>These are default test settings for a local test run.</Description>
    <Deployment enabled="false" runDeploymentRoot="GT-ST-12_GT-IT-05 2015-07-03 09_29_38">
      <DeploymentItem filename="C:\inetpub\wwwroot\ProyectosLV\Manifiesto.Web\packages\Microsoft.AspNet.Mvc.4.0.20710.0\lib\net40\System.Web.Mvc.dll" />
      <DeploymentItem filename="C:\inetpub\wwwroot\ProyectosLV\Manifiesto.Web\db_aereo.Entities\bin\Debug\db_aereo.Entities.dll" />
      <DeploymentItem filename="C:\inetpub\wwwroot\ProyectosLV\Manifiesto.Web\packages\Microsoft.Net.Http.2.0.20710.0\lib\net40\System.Net.Http.WebRequest.dll" />
      <DeploymentItem filename="C:\inetpub\wwwroot\ProyectosLV\Manifiesto.Web\packages\Microsoft.Net.Http.2.0.20710.0\lib\net40\System.Net.Http.dll" />
      <DeploymentItem filename="C:\inetpub\wwwroot\ProyectosLV\Manifiesto.Web\packages\Microsoft.AspNet.WebPages.2.0.20710.0\lib\net40\System.Web.Helpers.dll" />
      <DeploymentItem filename="C:\inetpub\wwwroot\ProyectosLV\Manifiesto.Web\packages\Newtonsoft.Json.4.5.6\lib\net40\Newtonsoft.Json.dll" />
      <DeploymentItem filename="C:\inetpub\wwwroot\ProyectosLV\Manifiesto.Web\packages\Microsoft.AspNet.WebApi.Client.4.0.20710.0\lib\net40\System.Net.Http.Formatting.dll" />
      <DeploymentItem filename="C:\inetpub\wwwroot\ProyectosLV\Manifiesto.Web\packages\Microsoft.AspNet.WebApi.Core.4.0.20710.0\lib\net40\System.Web.Http.dll" />
      <DeploymentItem filename="C:\inetpub\wwwroot\ProyectosLV\Manifiesto.Web\packages\Moq.4.2.1507.0118\lib\net40\Moq.dll" />
      <DeploymentItem filename="C:\inetpub\wwwroot\ProyectosLV\Manifiesto.Web\packages\Microsoft.AspNet.WebPages.2.0.20710.0\lib\net40\System.Web.WebPages.Deployment.dll" />
      <DeploymentItem filename="C:\inetpub\wwwroot\ProyectosLV\Manifiesto.Web\packages\Microsoft.Web.Infrastructure.1.0.0.0\lib\net40\Microsoft.Web.Infrastructure.dll" />
      <DeploymentItem filename="C:\inetpub\wwwroot\ProyectosLV\Manifiesto.Web\packages\Microsoft.AspNet.WebApi.WebHost.4.0.20710.0\lib\net40\System.Web.Http.WebHost.dll" />
      <DeploymentItem filename="C:\inetpub\wwwroot\ProyectosLV\Manifiesto.Web\packages\Microsoft.AspNet.WebPages.2.0.20710.0\lib\net40\System.Web.WebPages.Razor.dll" />
      <DeploymentItem filename="C:\inetpub\wwwroot\ProyectosLV\Manifiesto.Web\ventas_gt.Entities\bin\Debug\ventas_gt.Entities.dll" />
      <DeploymentItem filename="C:\inetpub\wwwroot\ProyectosLV\Manifiesto.Web\packages\Microsoft.AspNet.WebPages.2.0.20710.0\lib\net40\System.Web.WebPages.dll" />
      <DeploymentItem filename="C:\inetpub\wwwroot\ProyectosLV\Manifiesto.Web\packages\AutoMapper.3.2.1\lib\net40\AutoMapper.Net4.dll" />
      <DeploymentItem filename="C:\inetpub\wwwroot\ProyectosLV\Manifiesto.Web\Manifiesto.Web\bin\Manifiesto.Web.dll" />
      <DeploymentItem filename="C:\inetpub\wwwroot\ProyectosLV\Manifiesto.Web\packages\Microsoft.AspNet.Razor.2.0.20710.0\lib\net40\System.Web.Razor.dll" />
      <DeploymentItem filename="C:\inetpub\wwwroot\ProyectosLV\Manifiesto.Web\packages\AutoMapper.3.2.1\lib\net40\AutoMapper.dll" />
    </Deployment>
    <Execution>
      <TestTypeSpecific />
      <AgentRule name="Execution Agents">
      </AgentRule>
    </Execution>
  </TestSettings>
  <Times creation="2015-07-03T09:29:38.2171205-06:00" queuing="2015-07-03T09:29:38.2621230-06:00" start="2015-07-03T09:29:38.2691234-06:00" finish="2015-07-03T09:29:38.8601572-06:00" />
  <ResultSummary outcome="Failed">
    <Counters total="15" executed="15" passed="13" error="0" failed="2" timeout="0" aborted="0" inconclusive="0" passedButRunAborted="0" notRunnable="0" notExecuted="0" disconnected="0" warning="0" completed="0" inProgress="0" pending="0" />
  </ResultSummary>
  <TestDefinitions>
    <UnitTest name="Login_Post_InvalidUser" storage="c:\inetpub\wwwroot\proyectoslv\manifiesto.web\manifiesto.web.tests\bin\debug\manifiesto.web.tests.dll" id="9ff32c1d-748e-5536-d71f-7ff29fb29e81">
      <Execution id="7c557ee5-d7b5-45b3-be58-ccb17870d77a" />
      <TestMethod codeBase="C:/inetpub/wwwroot/ProyectosLV/Manifiesto.Web/Manifiesto.Web.Tests/bin/Debug/Manifiesto.Web.Tests.DLL" adapterTypeName="Microsoft.VisualStudio.TestTools.TestTypes.Unit.UnitTestAdapter, Microsoft.VisualStudio.QualityTools.Tips.UnitTest.Adapter, Version=10.0.0.0, Culture=neutral, PublicKeyToken=b03f5f7f11d50a3a" className="Manifiesto.Web.Tests.Controllers.AccountControllerTest, Manifiesto.Web.Tests, Version=1.0.0.0, Culture=neutral, PublicKeyToken=null" name="Login_Post_InvalidUser" />
    </UnitTest>
    <UnitTest name="Index_Return_WithData" storage="c:\inetpub\wwwroot\proyectoslv\manifiesto.web\manifiesto.web.tests\bin\debug\manifiesto.web.tests.dll" id="580c43ce-5ece-8590-bf09-da59bbe29037">
      <Execution id="b91aa3b6-c2cb-4bc0-9146-95311a23bd56" />
      <TestMethod codeBase="C:/inetpub/wwwroot/ProyectosLV/Manifiesto.Web/Manifiesto.Web.Tests/bin/Debug/Manifiesto.Web.Tests.DLL" adapterTypeName="Microsoft.VisualStudio.TestTools.TestTypes.Unit.UnitTestAdapter, Microsoft.VisualStudio.QualityTools.Tips.UnitTest.Adapter, Version=10.0.0.0, Culture=neutral, PublicKeyToken=b03f5f7f11d50a3a" className="Manifiesto.Web.Tests.Maritimo.TraficoControllerTest, Manifiesto.Web.Tests, Version=1.0.0.0, Culture=neutral, PublicKeyToken=null" name="Index_Return_WithData" />
    </UnitTest>
    <UnitTest name="Create_Return_WithData" storage="c:\inetpub\wwwroot\proyectoslv\manifiesto.web\manifiesto.web.tests\bin\debug\manifiesto.web.tests.dll" id="f2863c67-4f0a-4aa9-7a1c-c78f7666e71c">
      <Execution id="72496914-d70f-427e-b327-d8261fa93165" />
      <TestMethod codeBase="C:/inetpub/wwwroot/ProyectosLV/Manifiesto.Web/Manifiesto.Web.Tests/bin/Debug/Manifiesto.Web.Tests.DLL" adapterTypeName="Microsoft.VisualStudio.TestTools.TestTypes.Unit.UnitTestAdapter, Microsoft.VisualStudio.QualityTools.Tips.UnitTest.Adapter, Version=10.0.0.0, Culture=neutral, PublicKeyToken=b03f5f7f11d50a3a" className="Manifiesto.Web.Tests.Maritimo.TraficoControllerTest, Manifiesto.Web.Tests, Version=1.0.0.0, Culture=neutral, PublicKeyToken=null" name="Create_Return_WithData" />
    </UnitTest>
    <UnitTest name="Index_Return_NotNull" storage="c:\inetpub\wwwroot\proyectoslv\manifiesto.web\manifiesto.web.tests\bin\debug\manifiesto.web.tests.dll" id="b046c936-faa9-abb3-379e-44eedefa2f29">
      <Execution id="7c213e23-0632-4cbd-9772-17fb7dc4160b" />
      <TestMethod codeBase="C:/inetpub/wwwroot/ProyectosLV/Manifiesto.Web/Manifiesto.Web.Tests/bin/Debug/Manifiesto.Web.Tests.DLL" adapterTypeName="Microsoft.VisualStudio.TestTools.TestTypes.Unit.UnitTestAdapter, Microsoft.VisualStudio.QualityTools.Tips.UnitTest.Adapter, Version=10.0.0.0, Culture=neutral, PublicKeyToken=b03f5f7f11d50a3a" className="Manifiesto.Web.Tests.Maritimo.ManifestControllerTest, Manifiesto.Web.Tests, Version=1.0.0.0, Culture=neutral, PublicKeyToken=null" name="Index_Return_NotNull" />
    </UnitTest>
    <UnitTest name="Create_Return_View" storage="c:\inetpub\wwwroot\proyectoslv\manifiesto.web\manifiesto.web.tests\bin\debug\manifiesto.web.tests.dll" id="594525dc-3ee5-db5e-4a9f-8b1683282581">
      <Execution id="d5ed1e9c-204a-4a97-9ed9-19e0267bafd4" />
      <TestMethod codeBase="C:/inetpub/wwwroot/ProyectosLV/Manifiesto.Web/Manifiesto.Web.Tests/bin/Debug/Manifiesto.Web.Tests.DLL" adapterTypeName="Microsoft.VisualStudio.TestTools.TestTypes.Unit.UnitTestAdapter, Microsoft.VisualStudio.QualityTools.Tips.UnitTest.Adapter, Version=10.0.0.0, Culture=neutral, PublicKeyToken=b03f5f7f11d50a3a" className="Manifiesto.Web.Tests.Maritimo.TraficoControllerTest, Manifiesto.Web.Tests, Version=1.0.0.0, Culture=neutral, PublicKeyToken=null" name="Create_Return_View" />
    </UnitTest>
    <UnitTest name="Create_Voyage_Return_NotNull" storage="c:\inetpub\wwwroot\proyectoslv\manifiesto.web\manifiesto.web.tests\bin\debug\manifiesto.web.tests.dll" id="d7c67ffe-d6a0-e0bb-d782-a0e1cf47fc10">
      <Execution id="915b192a-7762-4cfb-a1cf-b540d5ee5592" />
      <TestMethod codeBase="C:/inetpub/wwwroot/ProyectosLV/Manifiesto.Web/Manifiesto.Web.Tests/bin/Debug/Manifiesto.Web.Tests.DLL" adapterTypeName="Microsoft.VisualStudio.TestTools.TestTypes.Unit.UnitTestAdapter, Microsoft.VisualStudio.QualityTools.Tips.UnitTest.Adapter, Version=10.0.0.0, Culture=neutral, PublicKeyToken=b03f5f7f11d50a3a" className="Manifiesto.Web.Tests.Aereo.ManifestControllerTest, Manifiesto.Web.Tests, Version=1.0.0.0, Culture=neutral, PublicKeyToken=null" name="Create_Voyage_Return_NotNull" />
    </UnitTest>
    <UnitTest name="Index_Return_NotNull" storage="c:\inetpub\wwwroot\proyectoslv\manifiesto.web\manifiesto.web.tests\bin\debug\manifiesto.web.tests.dll" id="859782cc-4c7f-74ea-cd29-83a633891ab5">
      <Execution id="a3016287-fa6a-4960-8030-5a965ef050dd" />
      <TestMethod codeBase="C:/inetpub/wwwroot/ProyectosLV/Manifiesto.Web/Manifiesto.Web.Tests/bin/Debug/Manifiesto.Web.Tests.DLL" adapterTypeName="Microsoft.VisualStudio.TestTools.TestTypes.Unit.UnitTestAdapter, Microsoft.VisualStudio.QualityTools.Tips.UnitTest.Adapter, Version=10.0.0.0, Culture=neutral, PublicKeyToken=b03f5f7f11d50a3a" className="Manifiesto.Web.Tests.Aereo.ExportControllerTest, Manifiesto.Web.Tests, Version=1.0.0.0, Culture=neutral, PublicKeyToken=null" name="Index_Return_NotNull" />
    </UnitTest>
    <UnitTest name="Index_Return_NotNull" storage="c:\inetpub\wwwroot\proyectoslv\manifiesto.web\manifiesto.web.tests\bin\debug\manifiesto.web.tests.dll" id="6fc850a3-de3f-2da2-e36c-a81395bd8165">
      <Execution id="b2290ffb-ca69-4d6d-bca5-0a465c0610aa" />
      <TestMethod codeBase="C:/inetpub/wwwroot/ProyectosLV/Manifiesto.Web/Manifiesto.Web.Tests/bin/Debug/Manifiesto.Web.Tests.DLL" adapterTypeName="Microsoft.VisualStudio.TestTools.TestTypes.Unit.UnitTestAdapter, Microsoft.VisualStudio.QualityTools.Tips.UnitTest.Adapter, Version=10.0.0.0, Culture=neutral, PublicKeyToken=b03f5f7f11d50a3a" className="Manifiesto.Web.Tests.Maritimo.TraficoControllerTest, Manifiesto.Web.Tests, Version=1.0.0.0, Culture=neutral, PublicKeyToken=null" name="Index_Return_NotNull" />
    </UnitTest>
    <UnitTest name="Login_Return_NotNull" storage="c:\inetpub\wwwroot\proyectoslv\manifiesto.web\manifiesto.web.tests\bin\debug\manifiesto.web.tests.dll" id="7acf22b7-2b6a-79e5-ef78-7b7f6634f77f">
      <Execution id="51bb1ccb-d6a4-4be3-874b-0d577f6dfbf9" />
      <TestMethod codeBase="C:/inetpub/wwwroot/ProyectosLV/Manifiesto.Web/Manifiesto.Web.Tests/bin/Debug/Manifiesto.Web.Tests.DLL" adapterTypeName="Microsoft.VisualStudio.TestTools.TestTypes.Unit.UnitTestAdapter, Microsoft.VisualStudio.QualityTools.Tips.UnitTest.Adapter, Version=10.0.0.0, Culture=neutral, PublicKeyToken=b03f5f7f11d50a3a" className="Manifiesto.Web.Tests.Controllers.AccountControllerTest, Manifiesto.Web.Tests, Version=1.0.0.0, Culture=neutral, PublicKeyToken=null" name="Login_Return_NotNull" />
    </UnitTest>
    <UnitTest name="finGuia_Return_NotNull" storage="c:\inetpub\wwwroot\proyectoslv\manifiesto.web\manifiesto.web.tests\bin\debug\manifiesto.web.tests.dll" id="80e1f92b-baf3-7ac4-b7ca-e9cbf5bb42a3">
      <Execution id="0f788384-904e-4d78-9107-df1611020b24" />
      <TestMethod codeBase="C:/inetpub/wwwroot/ProyectosLV/Manifiesto.Web/Manifiesto.Web.Tests/bin/Debug/Manifiesto.Web.Tests.DLL" adapterTypeName="Microsoft.VisualStudio.TestTools.TestTypes.Unit.UnitTestAdapter, Microsoft.VisualStudio.QualityTools.Tips.UnitTest.Adapter, Version=10.0.0.0, Culture=neutral, PublicKeyToken=b03f5f7f11d50a3a" className="Manifiesto.Web.Tests.Aereo.ManifestControllerTest, Manifiesto.Web.Tests, Version=1.0.0.0, Culture=neutral, PublicKeyToken=null" name="finGuia_Return_NotNull" />
    </UnitTest>
    <UnitTest name="Index_Return_NotNull" storage="c:\inetpub\wwwroot\proyectoslv\manifiesto.web\manifiesto.web.tests\bin\debug\manifiesto.web.tests.dll" id="15568ee3-e003-e275-ae46-1e423acfa098">
      <Execution id="0f0643fd-863a-4494-9e19-080f5f21cc9f" />
      <TestMethod codeBase="C:/inetpub/wwwroot/ProyectosLV/Manifiesto.Web/Manifiesto.Web.Tests/bin/Debug/Manifiesto.Web.Tests.DLL" adapterTypeName="Microsoft.VisualStudio.TestTools.TestTypes.Unit.UnitTestAdapter, Microsoft.VisualStudio.QualityTools.Tips.UnitTest.Adapter, Version=10.0.0.0, Culture=neutral, PublicKeyToken=b03f5f7f11d50a3a" className="Manifiesto.Web.Tests.Aereo.ImportControllerTest, Manifiesto.Web.Tests, Version=1.0.0.0, Culture=neutral, PublicKeyToken=null" name="Index_Return_NotNull" />
    </UnitTest>
    <UnitTest name="LogOff_Return_NotNull" storage="c:\inetpub\wwwroot\proyectoslv\manifiesto.web\manifiesto.web.tests\bin\debug\manifiesto.web.tests.dll" id="48df8f7f-84dc-8856-abfc-e2193f504ae6">
      <Execution id="fa4d84b2-c00a-4834-a6c7-2f365cc3c64d" />
      <TestMethod codeBase="C:/inetpub/wwwroot/ProyectosLV/Manifiesto.Web/Manifiesto.Web.Tests/bin/Debug/Manifiesto.Web.Tests.DLL" adapterTypeName="Microsoft.VisualStudio.TestTools.TestTypes.Unit.UnitTestAdapter, Microsoft.VisualStudio.QualityTools.Tips.UnitTest.Adapter, Version=10.0.0.0, Culture=neutral, PublicKeyToken=b03f5f7f11d50a3a" className="Manifiesto.Web.Tests.Controllers.AccountControllerTest, Manifiesto.Web.Tests, Version=1.0.0.0, Culture=neutral, PublicKeyToken=null" name="LogOff_Return_NotNull" />
    </UnitTest>
    <UnitTest name="Login_Post_Return_NotNull" storage="c:\inetpub\wwwroot\proyectoslv\manifiesto.web\manifiesto.web.tests\bin\debug\manifiesto.web.tests.dll" id="c14d9c41-032c-5ed7-54d3-3fafc2192b17">
      <Execution id="01cca1c1-0fdd-426a-b2b2-53fd99344ebf" />
      <TestMethod codeBase="C:/inetpub/wwwroot/ProyectosLV/Manifiesto.Web/Manifiesto.Web.Tests/bin/Debug/Manifiesto.Web.Tests.DLL" adapterTypeName="Microsoft.VisualStudio.TestTools.TestTypes.Unit.UnitTestAdapter, Microsoft.VisualStudio.QualityTools.Tips.UnitTest.Adapter, Version=10.0.0.0, Culture=neutral, PublicKeyToken=b03f5f7f11d50a3a" className="Manifiesto.Web.Tests.Controllers.AccountControllerTest, Manifiesto.Web.Tests, Version=1.0.0.0, Culture=neutral, PublicKeyToken=null" name="Login_Post_Return_NotNull" />
    </UnitTest>
    <UnitTest name="Index_Return_NotNull" storage="c:\inetpub\wwwroot\proyectoslv\manifiesto.web\manifiesto.web.tests\bin\debug\manifiesto.web.tests.dll" id="0be65871-ac44-91e8-eff5-5f8dffae63c4">
      <Execution id="de041c38-04f0-46fa-8520-8a7a093d286c" />
      <TestMethod codeBase="C:/inetpub/wwwroot/ProyectosLV/Manifiesto.Web/Manifiesto.Web.Tests/bin/Debug/Manifiesto.Web.Tests.DLL" adapterTypeName="Microsoft.VisualStudio.TestTools.TestTypes.Unit.UnitTestAdapter, Microsoft.VisualStudio.QualityTools.Tips.UnitTest.Adapter, Version=10.0.0.0, Culture=neutral, PublicKeyToken=b03f5f7f11d50a3a" className="Manifiesto.Web.Tests.Aereo.ManifestControllerTest, Manifiesto.Web.Tests, Version=1.0.0.0, Culture=neutral, PublicKeyToken=null" name="Index_Return_NotNull" />
    </UnitTest>
    <UnitTest name="Login_Post_Return_InvalidModel" storage="c:\inetpub\wwwroot\proyectoslv\manifiesto.web\manifiesto.web.tests\bin\debug\manifiesto.web.tests.dll" id="c79ee40d-bcef-14c1-44f8-1fc1d9c2b8d9">
      <Execution id="ad0f0275-3f8d-442c-bd95-7f407358ff08" />
      <TestMethod codeBase="C:/inetpub/wwwroot/ProyectosLV/Manifiesto.Web/Manifiesto.Web.Tests/bin/Debug/Manifiesto.Web.Tests.DLL" adapterTypeName="Microsoft.VisualStudio.TestTools.TestTypes.Unit.UnitTestAdapter, Microsoft.VisualStudio.QualityTools.Tips.UnitTest.Adapter, Version=10.0.0.0, Culture=neutral, PublicKeyToken=b03f5f7f11d50a3a" className="Manifiesto.Web.Tests.Controllers.AccountControllerTest, Manifiesto.Web.Tests, Version=1.0.0.0, Culture=neutral, PublicKeyToken=null" name="Login_Post_Return_InvalidModel" />
    </UnitTest>
  </TestDefinitions>
  <TestLists>
    <TestList name="Results Not in a List" id="8c84fa94-04c1-424b-9868-57a2d4851a1d" />
    <TestList name="All Loaded Results" id="19431567-8539-422a-85d7-44ee4e166bda" />
  </TestLists>
  <TestEntries>
    <TestEntry testId="0be65871-ac44-91e8-eff5-5f8dffae63c4" executionId="de041c38-04f0-46fa-8520-8a7a093d286c" testListId="8c84fa94-04c1-424b-9868-57a2d4851a1d" />
    <TestEntry testId="15568ee3-e003-e275-ae46-1e423acfa098" executionId="0f0643fd-863a-4494-9e19-080f5f21cc9f" testListId="8c84fa94-04c1-424b-9868-57a2d4851a1d" />
    <TestEntry testId="48df8f7f-84dc-8856-abfc-e2193f504ae6" executionId="fa4d84b2-c00a-4834-a6c7-2f365cc3c64d" testListId="8c84fa94-04c1-424b-9868-57a2d4851a1d" />
    <TestEntry testId="580c43ce-5ece-8590-bf09-da59bbe29037" executionId="b91aa3b6-c2cb-4bc0-9146-95311a23bd56" testListId="8c84fa94-04c1-424b-9868-57a2d4851a1d" />
    <TestEntry testId="594525dc-3ee5-db5e-4a9f-8b1683282581" executionId="d5ed1e9c-204a-4a97-9ed9-19e0267bafd4" testListId="8c84fa94-04c1-424b-9868-57a2d4851a1d" />
    <TestEntry testId="6fc850a3-de3f-2da2-e36c-a81395bd8165" executionId="b2290ffb-ca69-4d6d-bca5-0a465c0610aa" testListId="8c84fa94-04c1-424b-9868-57a2d4851a1d" />
    <TestEntry testId="7acf22b7-2b6a-79e5-ef78-7b7f6634f77f" executionId="51bb1ccb-d6a4-4be3-874b-0d577f6dfbf9" testListId="8c84fa94-04c1-424b-9868-57a2d4851a1d" />
    <TestEntry testId="80e1f92b-baf3-7ac4-b7ca-e9cbf5bb42a3" executionId="0f788384-904e-4d78-9107-df1611020b24" testListId="8c84fa94-04c1-424b-9868-57a2d4851a1d" />
    <TestEntry testId="859782cc-4c7f-74ea-cd29-83a633891ab5" executionId="a3016287-fa6a-4960-8030-5a965ef050dd" testListId="8c84fa94-04c1-424b-9868-57a2d4851a1d" />
    <TestEntry testId="9ff32c1d-748e-5536-d71f-7ff29fb29e81" executionId="7c557ee5-d7b5-45b3-be58-ccb17870d77a" testListId="8c84fa94-04c1-424b-9868-57a2d4851a1d" />
    <TestEntry testId="b046c936-faa9-abb3-379e-44eedefa2f29" executionId="7c213e23-0632-4cbd-9772-17fb7dc4160b" testListId="8c84fa94-04c1-424b-9868-57a2d4851a1d" />
    <TestEntry testId="c14d9c41-032c-5ed7-54d3-3fafc2192b17" executionId="01cca1c1-0fdd-426a-b2b2-53fd99344ebf" testListId="8c84fa94-04c1-424b-9868-57a2d4851a1d" />
    <TestEntry testId="c79ee40d-bcef-14c1-44f8-1fc1d9c2b8d9" executionId="ad0f0275-3f8d-442c-bd95-7f407358ff08" testListId="8c84fa94-04c1-424b-9868-57a2d4851a1d" />
    <TestEntry testId="d7c67ffe-d6a0-e0bb-d782-a0e1cf47fc10" executionId="915b192a-7762-4cfb-a1cf-b540d5ee5592" testListId="8c84fa94-04c1-424b-9868-57a2d4851a1d" />
    <TestEntry testId="f2863c67-4f0a-4aa9-7a1c-c78f7666e71c" executionId="72496914-d70f-427e-b327-d8261fa93165" testListId="8c84fa94-04c1-424b-9868-57a2d4851a1d" />
  </TestEntries>
  <Results>
    <UnitTestResult executionId="de041c38-04f0-46fa-8520-8a7a093d286c" testId="0be65871-ac44-91e8-eff5-5f8dffae63c4" testName="Index_Return_NotNull" computerName="GT-IT-05" duration="00:00:00.1476682" startTime="2015-07-03T09:29:38.2711235-06:00" endTime="2015-07-03T09:29:38.5401389-06:00" testType="13cdc9d9-ddb5-4fa4-a97d-d965ccfc6d4b" outcome="Passed" testListId="8c84fa94-04c1-424b-9868-57a2d4851a1d" relativeResultsDirectory="de041c38-04f0-46fa-8520-8a7a093d286c">
    </UnitTestResult>
    <UnitTestResult executionId="0f0643fd-863a-4494-9e19-080f5f21cc9f" testId="15568ee3-e003-e275-ae46-1e423acfa098" testName="Index_Return_NotNull" computerName="GT-IT-05" duration="00:00:00.0032591" startTime="2015-07-03T09:29:38.5411390-06:00" endTime="2015-07-03T09:29:38.5461393-06:00" testType="13cdc9d9-ddb5-4fa4-a97d-d965ccfc6d4b" outcome="Passed" testListId="8c84fa94-04c1-424b-9868-57a2d4851a1d" relativeResultsDirectory="0f0643fd-863a-4494-9e19-080f5f21cc9f">
    </UnitTestResult>
    <UnitTestResult executionId="fa4d84b2-c00a-4834-a6c7-2f365cc3c64d" testId="48df8f7f-84dc-8856-abfc-e2193f504ae6" testName="LogOff_Return_NotNull" computerName="GT-IT-05" duration="00:00:00.0195160" startTime="2015-07-03T09:29:38.5471393-06:00" endTime="2015-07-03T09:29:38.5681405-06:00" testType="13cdc9d9-ddb5-4fa4-a97d-d965ccfc6d4b" outcome="Passed" testListId="8c84fa94-04c1-424b-9868-57a2d4851a1d" relativeResultsDirectory="fa4d84b2-c00a-4834-a6c7-2f365cc3c64d">
    </UnitTestResult>
    <UnitTestResult executionId="b91aa3b6-c2cb-4bc0-9146-95311a23bd56" testId="580c43ce-5ece-8590-bf09-da59bbe29037" testName="Index_Return_WithData" computerName="GT-IT-05" duration="00:00:00.0068580" startTime="2015-07-03T09:29:38.5691406-06:00" endTime="2015-07-03T09:29:38.5771411-06:00" testType="13cdc9d9-ddb5-4fa4-a97d-d965ccfc6d4b" outcome="Passed" testListId="8c84fa94-04c1-424b-9868-57a2d4851a1d" relativeResultsDirectory="b91aa3b6-c2cb-4bc0-9146-95311a23bd56">
    </UnitTestResult>
    <UnitTestResult executionId="d5ed1e9c-204a-4a97-9ed9-19e0267bafd4" testId="594525dc-3ee5-db5e-4a9f-8b1683282581" testName="Create_Return_View" computerName="GT-IT-05" duration="00:00:00.0009493" startTime="2015-07-03T09:29:38.5781411-06:00" endTime="2015-07-03T09:29:38.5811413-06:00" testType="13cdc9d9-ddb5-4fa4-a97d-d965ccfc6d4b" outcome="Passed" testListId="8c84fa94-04c1-424b-9868-57a2d4851a1d" relativeResultsDirectory="d5ed1e9c-204a-4a97-9ed9-19e0267bafd4">
    </UnitTestResult>
    <UnitTestResult executionId="b2290ffb-ca69-4d6d-bca5-0a465c0610aa" testId="6fc850a3-de3f-2da2-e36c-a81395bd8165" testName="Index_Return_NotNull" computerName="GT-IT-05" duration="00:00:00.0008904" startTime="2015-07-03T09:29:38.5821413-06:00" endTime="2015-07-03T09:29:38.5841415-06:00" testType="13cdc9d9-ddb5-4fa4-a97d-d965ccfc6d4b" outcome="Passed" testListId="8c84fa94-04c1-424b-9868-57a2d4851a1d" relativeResultsDirectory="b2290ffb-ca69-4d6d-bca5-0a465c0610aa">
    </UnitTestResult>
    <UnitTestResult executionId="51bb1ccb-d6a4-4be3-874b-0d577f6dfbf9" testId="7acf22b7-2b6a-79e5-ef78-7b7f6634f77f" testName="Login_Return_NotNull" computerName="GT-IT-05" duration="00:00:00.0057690" startTime="2015-07-03T09:29:38.5851415-06:00" endTime="2015-07-03T09:29:38.5921419-06:00" testType="13cdc9d9-ddb5-4fa4-a97d-d965ccfc6d4b" outcome="Passed" testListId="8c84fa94-04c1-424b-9868-57a2d4851a1d" relativeResultsDirectory="51bb1ccb-d6a4-4be3-874b-0d577f6dfbf9">
    </UnitTestResult>
    <UnitTestResult executionId="0f788384-904e-4d78-9107-df1611020b24" testId="80e1f92b-baf3-7ac4-b7ca-e9cbf5bb42a3" testName="finGuia_Return_NotNull" computerName="GT-IT-05" duration="00:00:00.0126044" startTime="2015-07-03T09:29:38.5931420-06:00" endTime="2015-07-03T09:29:38.6071428-06:00" testType="13cdc9d9-ddb5-4fa4-a97d-d965ccfc6d4b" outcome="Passed" testListId="8c84fa94-04c1-424b-9868-57a2d4851a1d" relativeResultsDirectory="0f788384-904e-4d78-9107-df1611020b24">
    </UnitTestResult>
    <UnitTestResult executionId="a3016287-fa6a-4960-8030-5a965ef050dd" testId="859782cc-4c7f-74ea-cd29-83a633891ab5" testName="Index_Return_NotNull" computerName="GT-IT-05" duration="00:00:00.0014760" startTime="2015-07-03T09:29:38.6081428-06:00" endTime="2015-07-03T09:29:38.6111430-06:00" testType="13cdc9d9-ddb5-4fa4-a97d-d965ccfc6d4b" outcome="Passed" testListId="8c84fa94-04c1-424b-9868-57a2d4851a1d" relativeResultsDirectory="a3016287-fa6a-4960-8030-5a965ef050dd">
    </UnitTestResult>
    <UnitTestResult executionId="7c557ee5-d7b5-45b3-be58-ccb17870d77a" testId="9ff32c1d-748e-5536-d71f-7ff29fb29e81" testName="Login_Post_InvalidUser" computerName="GT-IT-05" duration="00:00:00.0018772" startTime="2015-07-03T09:29:38.6121431-06:00" endTime="2015-07-03T09:29:38.6161433-06:00" testType="13cdc9d9-ddb5-4fa4-a97d-d965ccfc6d4b" outcome="Passed" testListId="8c84fa94-04c1-424b-9868-57a2d4851a1d" relativeResultsDirectory="7c557ee5-d7b5-45b3-be58-ccb17870d77a">
    </UnitTestResult>
    <UnitTestResult executionId="7c213e23-0632-4cbd-9772-17fb7dc4160b" testId="b046c936-faa9-abb3-379e-44eedefa2f29" testName="Index_Return_NotNull" computerName="GT-IT-05" duration="00:00:00.0003658" startTime="2015-07-03T09:29:38.6161433-06:00" endTime="2015-07-03T09:29:38.6181434-06:00" testType="13cdc9d9-ddb5-4fa4-a97d-d965ccfc6d4b" outcome="Passed" testListId="8c84fa94-04c1-424b-9868-57a2d4851a1d" relativeResultsDirectory="7c213e23-0632-4cbd-9772-17fb7dc4160b">
    </UnitTestResult>
    <UnitTestResult executionId="01cca1c1-0fdd-426a-b2b2-53fd99344ebf" testId="c14d9c41-032c-5ed7-54d3-3fafc2192b17" testName="Login_Post_Return_NotNull" computerName="GT-IT-05" duration="00:00:00.1154762" startTime="2015-07-03T09:29:38.6191435-06:00" endTime="2015-07-03T09:29:38.7361501-06:00" testType="13cdc9d9-ddb5-4fa4-a97d-d965ccfc6d4b" outcome="Passed" testListId="8c84fa94-04c1-424b-9868-57a2d4851a1d" relativeResultsDirectory="01cca1c1-0fdd-426a-b2b2-53fd99344ebf">
    </UnitTestResult>
    <UnitTestResult executionId="ad0f0275-3f8d-442c-bd95-7f407358ff08" testId="c79ee40d-bcef-14c1-44f8-1fc1d9c2b8d9" testName="Login_Post_Return_InvalidModel" computerName="GT-IT-05" duration="00:00:00.0002867" startTime="2015-07-03T09:29:38.7371502-06:00" endTime="2015-07-03T09:29:38.7391503-06:00" testType="13cdc9d9-ddb5-4fa4-a97d-d965ccfc6d4b" outcome="Passed" testListId="8c84fa94-04c1-424b-9868-57a2d4851a1d" relativeResultsDirectory="ad0f0275-3f8d-442c-bd95-7f407358ff08">
    </UnitTestResult>
    <UnitTestResult executionId="915b192a-7762-4cfb-a1cf-b540d5ee5592" testId="d7c67ffe-d6a0-e0bb-d782-a0e1cf47fc10" testName="Create_Voyage_Return_NotNull" computerName="GT-IT-05" duration="00:00:00.0206557" startTime="2015-07-03T09:29:38.7401504-06:00" endTime="2015-07-03T09:29:38.7621516-06:00" testType="13cdc9d9-ddb5-4fa4-a97d-d965ccfc6d4b" outcome="Failed" testListId="8c84fa94-04c1-424b-9868-57a2d4851a1d" relativeResultsDirectory="915b192a-7762-4cfb-a1cf-b540d5ee5592">
      <Output>
        <ErrorInfo>
          <Message>Test method Manifiesto.Web.Tests.Aereo.ManifestControllerTest.Create_Voyage_Return_NotNull threw exception: 
Moq.MockException: 
Expected invocation on the mock once, but was 0 times: x =&gt; 
No setups configured.
No invocations performed.</Message>
          <StackTrace>    en Moq.Mock.ThrowVerifyException(MethodCall expected, IEnumerable`1 setups, IEnumerable`1 actualCalls, Expression expression, Times times, Int32 callCount)
   en Moq.Mock.VerifyCalls(Interceptor targetInterceptor, MethodCall expected, Expression expression, Times times)
   en Moq.Mock.Verify[T,TResult](Mock`1 mock, Expression`1 expression, Times times, String failMessage)
   en Moq.Mock`1.Verify[TResult](Expression`1 expression, Func`1 times)
   en Manifiesto.Web.Tests.Aereo.ManifestControllerTest.Create_Voyage_Return_NotNull() en C:\inetpub\wwwroot\ProyectosLV\Manifiesto.Web\Manifiesto.Web.Tests\Aereo\ManifestControllerTest.cs:línea 131
</StackTrace>
        </ErrorInfo>
      </Output>
    </UnitTestResult>
    <UnitTestResult executionId="72496914-d70f-427e-b327-d8261fa93165" testId="f2863c67-4f0a-4aa9-7a1c-c78f7666e71c" testName="Create_Return_WithData" computerName="GT-IT-05" duration="00:00:00.0060763" startTime="2015-07-03T09:29:38.7631517-06:00" endTime="2015-07-03T09:29:38.7711521-06:00" testType="13cdc9d9-ddb5-4fa4-a97d-d965ccfc6d4b" outcome="Failed" testListId="8c84fa94-04c1-424b-9868-57a2d4851a1d" relativeResultsDirectory="72496914-d70f-427e-b327-d8261fa93165">
      <Output>
        <ErrorInfo>
          <Message>Test method Manifiesto.Web.Tests.Maritimo.TraficoControllerTest.Create_Return_WithData threw exception: 
Moq.MockVerificationException: The following setups were not matched:
ICuscarMaritimoServices f =&gt; f.validate_size_of_name_commodities(35, "FCL")
</Message>
          <StackTrace>    en Moq.Mock.VerifyAll()
   en Manifiesto.Web.Tests.Maritimo.TraficoControllerTest.Create_Return_WithData() en C:\inetpub\wwwroot\ProyectosLV\Manifiesto.Web\Manifiesto.Web.Tests\Maritimo\TraficoControllerTest.cs:línea 96
</StackTrace>
        </ErrorInfo>
      </Output>
    </UnitTestResult>
  </Results>
</TestRun>