<?xml version="1.0" encoding="UTF-8"?>
<TestRun id="8572672d-9709-4526-b2a4-ca82d3101e93" name="GT-ST-12@GT-IT-05 2015-07-07 12:50:56" runUser="GT-IT-05\GT-ST-12" xmlns="http://microsoft.com/schemas/VisualStudio/TeamTest/2010">
  <TestSettings name="Local" id="dab5cc4b-a662-4624-a19b-0adf81ea34e2">
    <Description>These are default test settings for a local test run.</Description>
    <Deployment enabled="false" runDeploymentRoot="GT-ST-12_GT-IT-05 2015-07-07 12_50_56">
      <DeploymentItem filename="C:\inetpub\wwwroot\ProyectosLV\Manifiesto.Web\packages\Microsoft.AspNet.Mvc.4.0.20710.0\lib\net40\System.Web.Mvc.dll" />
      <DeploymentItem filename="C:\inetpub\wwwroot\ProyectosLV\Manifiesto.Web\db_aereo.Entities\bin\Debug\db_aereo.Entities.dll" />
      <DeploymentItem filename="C:\inetpub\wwwroot\ProyectosLV\Manifiesto.Web\packages\Microsoft.Net.Http.2.0.20710.0\lib\net40\System.Net.Http.WebRequest.dll" />
      <DeploymentItem filename="C:\inetpub\wwwroot\ProyectosLV\Manifiesto.Web\packages\Microsoft.Net.Http.2.0.20710.0\lib\net40\System.Net.Http.dll" />
      <DeploymentItem filename="C:\inetpub\wwwroot\ProyectosLV\Manifiesto.Web\packages\Microsoft.AspNet.WebPages.2.0.20710.0\lib\net40\System.Web.Helpers.dll" />
      <DeploymentItem filename="C:\inetpub\wwwroot\ProyectosLV\Manifiesto.Web\packages\Newtonsoft.Json.4.5.6\lib\net40\Newtonsoft.Json.dll" />
      <DeploymentItem filename="C:\inetpub\wwwroot\ProyectosLV\Manifiesto.Web\packages\Microsoft.AspNet.WebApi.Client.4.0.20710.0\lib\net40\System.Net.Http.Formatting.dll" />
      <DeploymentItem filename="C:\inetpub\wwwroot\ProyectosLV\Manifiesto.Web\packages\Microsoft.AspNet.WebApi.Core.4.0.20710.0\lib\net40\System.Web.Http.dll" />
      <DeploymentItem filename="C:\inetpub\wwwroot\ProyectosLV\Manifiesto.Web\packages\Moq.4.2.1507.0118\lib\net40\Moq.dll" />
      <DeploymentItem filename="C:\inetpub\wwwroot\ProyectosLV\Manifiesto.Web\packages\Microsoft.AspNet.WebPages.2.0.20710.0\lib\net40\System.Web.WebPages.Deployment.dll" />
      <DeploymentItem filename="C:\inetpub\wwwroot\ProyectosLV\Manifiesto.Web\packages\Microsoft.Web.Infrastructure.1.0.0.0\lib\net40\Microsoft.Web.Infrastructure.dll" />
      <DeploymentItem filename="C:\inetpub\wwwroot\ProyectosLV\Manifiesto.Web\packages\Microsoft.AspNet.WebApi.WebHost.4.0.20710.0\lib\net40\System.Web.Http.WebHost.dll" />
      <DeploymentItem filename="C:\inetpub\wwwroot\ProyectosLV\Manifiesto.Web\packages\Microsoft.AspNet.WebPages.2.0.20710.0\lib\net40\System.Web.WebPages.Razor.dll" />
      <DeploymentItem filename="C:\inetpub\wwwroot\ProyectosLV\Manifiesto.Web\ventas_gt.Entities\bin\Debug\ventas_gt.Entities.dll" />
      <DeploymentItem filename="C:\inetpub\wwwroot\ProyectosLV\Manifiesto.Web\packages\Microsoft.AspNet.WebPages.2.0.20710.0\lib\net40\System.Web.WebPages.dll" />
      <DeploymentItem filename="C:\inetpub\wwwroot\ProyectosLV\Manifiesto.Web\packages\AutoMapper.3.2.1\lib\net40\AutoMapper.Net4.dll" />
      <DeploymentItem filename="C:\inetpub\wwwroot\ProyectosLV\Manifiesto.Web\Manifiesto.Web\bin\Manifiesto.Web.dll" />
      <DeploymentItem filename="C:\inetpub\wwwroot\ProyectosLV\Manifiesto.Web\packages\Microsoft.AspNet.Razor.2.0.20710.0\lib\net40\System.Web.Razor.dll" />
      <DeploymentItem filename="C:\inetpub\wwwroot\ProyectosLV\Manifiesto.Web\packages\AutoMapper.3.2.1\lib\net40\AutoMapper.dll" />
    </Deployment>
    <Execution>
      <TestTypeSpecific />
      <AgentRule name="Execution Agents">
      </AgentRule>
    </Execution>
  </TestSettings>
  <Times creation="2015-07-07T12:50:56.1123030-06:00" queuing="2015-07-07T12:50:56.3775034-06:00" start="2015-07-07T12:50:56.4243035-06:00" finish="2015-07-07T12:50:57.1419048-06:00" />
  <ResultSummary outcome="Failed">
    <Counters total="15" executed="15" passed="14" error="0" failed="1" timeout="0" aborted="0" inconclusive="0" passedButRunAborted="0" notRunnable="0" notExecuted="0" disconnected="0" warning="0" completed="0" inProgress="0" pending="0" />
  </ResultSummary>
  <TestDefinitions>
    <UnitTest name="Login_Post_InvalidUser" storage="c:\inetpub\wwwroot\proyectoslv\manifiesto.web\manifiesto.web.tests\bin\debug\manifiesto.web.tests.dll" id="9ff32c1d-748e-5536-d71f-7ff29fb29e81">
      <Execution id="6aa2b2c9-fa02-4968-b30a-f45512dbcdc1" />
      <TestMethod codeBase="C:/inetpub/wwwroot/ProyectosLV/Manifiesto.Web/Manifiesto.Web.Tests/bin/Debug/Manifiesto.Web.Tests.DLL" adapterTypeName="Microsoft.VisualStudio.TestTools.TestTypes.Unit.UnitTestAdapter, Microsoft.VisualStudio.QualityTools.Tips.UnitTest.Adapter, Version=10.0.0.0, Culture=neutral, PublicKeyToken=b03f5f7f11d50a3a" className="Manifiesto.Web.Tests.Controllers.AccountControllerTest, Manifiesto.Web.Tests, Version=1.0.0.0, Culture=neutral, PublicKeyToken=null" name="Login_Post_InvalidUser" />
    </UnitTest>
    <UnitTest name="Index_Return_WithData" storage="c:\inetpub\wwwroot\proyectoslv\manifiesto.web\manifiesto.web.tests\bin\debug\manifiesto.web.tests.dll" id="580c43ce-5ece-8590-bf09-da59bbe29037">
      <Execution id="bb7fcf38-5a38-40d8-8759-171f49c68970" />
      <TestMethod codeBase="C:/inetpub/wwwroot/ProyectosLV/Manifiesto.Web/Manifiesto.Web.Tests/bin/Debug/Manifiesto.Web.Tests.DLL" adapterTypeName="Microsoft.VisualStudio.TestTools.TestTypes.Unit.UnitTestAdapter, Microsoft.VisualStudio.QualityTools.Tips.UnitTest.Adapter, Version=10.0.0.0, Culture=neutral, PublicKeyToken=b03f5f7f11d50a3a" className="Manifiesto.Web.Tests.Maritimo.TraficoControllerTest, Manifiesto.Web.Tests, Version=1.0.0.0, Culture=neutral, PublicKeyToken=null" name="Index_Return_WithData" />
    </UnitTest>
    <UnitTest name="Create_Return_WithData" storage="c:\inetpub\wwwroot\proyectoslv\manifiesto.web\manifiesto.web.tests\bin\debug\manifiesto.web.tests.dll" id="f2863c67-4f0a-4aa9-7a1c-c78f7666e71c">
      <Execution id="51da6421-41c3-43ce-8472-21883b2fff99" />
      <TestMethod codeBase="C:/inetpub/wwwroot/ProyectosLV/Manifiesto.Web/Manifiesto.Web.Tests/bin/Debug/Manifiesto.Web.Tests.DLL" adapterTypeName="Microsoft.VisualStudio.TestTools.TestTypes.Unit.UnitTestAdapter, Microsoft.VisualStudio.QualityTools.Tips.UnitTest.Adapter, Version=10.0.0.0, Culture=neutral, PublicKeyToken=b03f5f7f11d50a3a" className="Manifiesto.Web.Tests.Maritimo.TraficoControllerTest, Manifiesto.Web.Tests, Version=1.0.0.0, Culture=neutral, PublicKeyToken=null" name="Create_Return_WithData" />
    </UnitTest>
    <UnitTest name="Index_Return_NotNull" storage="c:\inetpub\wwwroot\proyectoslv\manifiesto.web\manifiesto.web.tests\bin\debug\manifiesto.web.tests.dll" id="b046c936-faa9-abb3-379e-44eedefa2f29">
      <Execution id="d72e0378-78a1-4bd2-90d7-b5ef1810b25b" />
      <TestMethod codeBase="C:/inetpub/wwwroot/ProyectosLV/Manifiesto.Web/Manifiesto.Web.Tests/bin/Debug/Manifiesto.Web.Tests.DLL" adapterTypeName="Microsoft.VisualStudio.TestTools.TestTypes.Unit.UnitTestAdapter, Microsoft.VisualStudio.QualityTools.Tips.UnitTest.Adapter, Version=10.0.0.0, Culture=neutral, PublicKeyToken=b03f5f7f11d50a3a" className="Manifiesto.Web.Tests.Maritimo.ManifestControllerTest, Manifiesto.Web.Tests, Version=1.0.0.0, Culture=neutral, PublicKeyToken=null" name="Index_Return_NotNull" />
    </UnitTest>
    <UnitTest name="Create_Return_View" storage="c:\inetpub\wwwroot\proyectoslv\manifiesto.web\manifiesto.web.tests\bin\debug\manifiesto.web.tests.dll" id="594525dc-3ee5-db5e-4a9f-8b1683282581">
      <Execution id="258864c7-b0a6-40b3-908f-5547dea01d1f" />
      <TestMethod codeBase="C:/inetpub/wwwroot/ProyectosLV/Manifiesto.Web/Manifiesto.Web.Tests/bin/Debug/Manifiesto.Web.Tests.DLL" adapterTypeName="Microsoft.VisualStudio.TestTools.TestTypes.Unit.UnitTestAdapter, Microsoft.VisualStudio.QualityTools.Tips.UnitTest.Adapter, Version=10.0.0.0, Culture=neutral, PublicKeyToken=b03f5f7f11d50a3a" className="Manifiesto.Web.Tests.Maritimo.TraficoControllerTest, Manifiesto.Web.Tests, Version=1.0.0.0, Culture=neutral, PublicKeyToken=null" name="Create_Return_View" />
    </UnitTest>
    <UnitTest name="Create_Voyage_Return_NotNull" storage="c:\inetpub\wwwroot\proyectoslv\manifiesto.web\manifiesto.web.tests\bin\debug\manifiesto.web.tests.dll" id="d7c67ffe-d6a0-e0bb-d782-a0e1cf47fc10">
      <Execution id="2f6e5b87-a1cf-4548-ab43-31be4e15f3da" />
      <TestMethod codeBase="C:/inetpub/wwwroot/ProyectosLV/Manifiesto.Web/Manifiesto.Web.Tests/bin/Debug/Manifiesto.Web.Tests.DLL" adapterTypeName="Microsoft.VisualStudio.TestTools.TestTypes.Unit.UnitTestAdapter, Microsoft.VisualStudio.QualityTools.Tips.UnitTest.Adapter, Version=10.0.0.0, Culture=neutral, PublicKeyToken=b03f5f7f11d50a3a" className="Manifiesto.Web.Tests.Aereo.ManifestControllerTest, Manifiesto.Web.Tests, Version=1.0.0.0, Culture=neutral, PublicKeyToken=null" name="Create_Voyage_Return_NotNull" />
    </UnitTest>
    <UnitTest name="Index_Return_NotNull" storage="c:\inetpub\wwwroot\proyectoslv\manifiesto.web\manifiesto.web.tests\bin\debug\manifiesto.web.tests.dll" id="859782cc-4c7f-74ea-cd29-83a633891ab5">
      <Execution id="cdf8c7b0-c9e1-427c-be7d-27fdfd7d7210" />
      <TestMethod codeBase="C:/inetpub/wwwroot/ProyectosLV/Manifiesto.Web/Manifiesto.Web.Tests/bin/Debug/Manifiesto.Web.Tests.DLL" adapterTypeName="Microsoft.VisualStudio.TestTools.TestTypes.Unit.UnitTestAdapter, Microsoft.VisualStudio.QualityTools.Tips.UnitTest.Adapter, Version=10.0.0.0, Culture=neutral, PublicKeyToken=b03f5f7f11d50a3a" className="Manifiesto.Web.Tests.Aereo.ExportControllerTest, Manifiesto.Web.Tests, Version=1.0.0.0, Culture=neutral, PublicKeyToken=null" name="Index_Return_NotNull" />
    </UnitTest>
    <UnitTest name="Index_Return_NotNull" storage="c:\inetpub\wwwroot\proyectoslv\manifiesto.web\manifiesto.web.tests\bin\debug\manifiesto.web.tests.dll" id="6fc850a3-de3f-2da2-e36c-a81395bd8165">
      <Execution id="41be550e-5d90-47ee-a702-1e3cd1e4ee8b" />
      <TestMethod codeBase="C:/inetpub/wwwroot/ProyectosLV/Manifiesto.Web/Manifiesto.Web.Tests/bin/Debug/Manifiesto.Web.Tests.DLL" adapterTypeName="Microsoft.VisualStudio.TestTools.TestTypes.Unit.UnitTestAdapter, Microsoft.VisualStudio.QualityTools.Tips.UnitTest.Adapter, Version=10.0.0.0, Culture=neutral, PublicKeyToken=b03f5f7f11d50a3a" className="Manifiesto.Web.Tests.Maritimo.TraficoControllerTest, Manifiesto.Web.Tests, Version=1.0.0.0, Culture=neutral, PublicKeyToken=null" name="Index_Return_NotNull" />
    </UnitTest>
    <UnitTest name="Login_Return_NotNull" storage="c:\inetpub\wwwroot\proyectoslv\manifiesto.web\manifiesto.web.tests\bin\debug\manifiesto.web.tests.dll" id="7acf22b7-2b6a-79e5-ef78-7b7f6634f77f">
      <Execution id="ea0f1ad3-c6f8-45ad-9e49-a9808281d118" />
      <TestMethod codeBase="C:/inetpub/wwwroot/ProyectosLV/Manifiesto.Web/Manifiesto.Web.Tests/bin/Debug/Manifiesto.Web.Tests.DLL" adapterTypeName="Microsoft.VisualStudio.TestTools.TestTypes.Unit.UnitTestAdapter, Microsoft.VisualStudio.QualityTools.Tips.UnitTest.Adapter, Version=10.0.0.0, Culture=neutral, PublicKeyToken=b03f5f7f11d50a3a" className="Manifiesto.Web.Tests.Controllers.AccountControllerTest, Manifiesto.Web.Tests, Version=1.0.0.0, Culture=neutral, PublicKeyToken=null" name="Login_Return_NotNull" />
    </UnitTest>
    <UnitTest name="finGuia_Return_NotNull" storage="c:\inetpub\wwwroot\proyectoslv\manifiesto.web\manifiesto.web.tests\bin\debug\manifiesto.web.tests.dll" id="80e1f92b-baf3-7ac4-b7ca-e9cbf5bb42a3">
      <Execution id="1e10b5f6-0ab4-45ca-ac2e-98fb5983accf" />
      <TestMethod codeBase="C:/inetpub/wwwroot/ProyectosLV/Manifiesto.Web/Manifiesto.Web.Tests/bin/Debug/Manifiesto.Web.Tests.DLL" adapterTypeName="Microsoft.VisualStudio.TestTools.TestTypes.Unit.UnitTestAdapter, Microsoft.VisualStudio.QualityTools.Tips.UnitTest.Adapter, Version=10.0.0.0, Culture=neutral, PublicKeyToken=b03f5f7f11d50a3a" className="Manifiesto.Web.Tests.Aereo.ManifestControllerTest, Manifiesto.Web.Tests, Version=1.0.0.0, Culture=neutral, PublicKeyToken=null" name="finGuia_Return_NotNull" />
    </UnitTest>
    <UnitTest name="Index_Return_NotNull" storage="c:\inetpub\wwwroot\proyectoslv\manifiesto.web\manifiesto.web.tests\bin\debug\manifiesto.web.tests.dll" id="15568ee3-e003-e275-ae46-1e423acfa098">
      <Execution id="28196435-54a8-4bfe-b4be-fc574357ff4d" />
      <TestMethod codeBase="C:/inetpub/wwwroot/ProyectosLV/Manifiesto.Web/Manifiesto.Web.Tests/bin/Debug/Manifiesto.Web.Tests.DLL" adapterTypeName="Microsoft.VisualStudio.TestTools.TestTypes.Unit.UnitTestAdapter, Microsoft.VisualStudio.QualityTools.Tips.UnitTest.Adapter, Version=10.0.0.0, Culture=neutral, PublicKeyToken=b03f5f7f11d50a3a" className="Manifiesto.Web.Tests.Aereo.ImportControllerTest, Manifiesto.Web.Tests, Version=1.0.0.0, Culture=neutral, PublicKeyToken=null" name="Index_Return_NotNull" />
    </UnitTest>
    <UnitTest name="LogOff_Return_NotNull" storage="c:\inetpub\wwwroot\proyectoslv\manifiesto.web\manifiesto.web.tests\bin\debug\manifiesto.web.tests.dll" id="48df8f7f-84dc-8856-abfc-e2193f504ae6">
      <Execution id="1ad4684a-7c0b-4403-ba89-f1ef700f7ef8" />
      <TestMethod codeBase="C:/inetpub/wwwroot/ProyectosLV/Manifiesto.Web/Manifiesto.Web.Tests/bin/Debug/Manifiesto.Web.Tests.DLL" adapterTypeName="Microsoft.VisualStudio.TestTools.TestTypes.Unit.UnitTestAdapter, Microsoft.VisualStudio.QualityTools.Tips.UnitTest.Adapter, Version=10.0.0.0, Culture=neutral, PublicKeyToken=b03f5f7f11d50a3a" className="Manifiesto.Web.Tests.Controllers.AccountControllerTest, Manifiesto.Web.Tests, Version=1.0.0.0, Culture=neutral, PublicKeyToken=null" name="LogOff_Return_NotNull" />
    </UnitTest>
    <UnitTest name="Login_Post_Return_NotNull" storage="c:\inetpub\wwwroot\proyectoslv\manifiesto.web\manifiesto.web.tests\bin\debug\manifiesto.web.tests.dll" id="c14d9c41-032c-5ed7-54d3-3fafc2192b17">
      <Execution id="80ea0dda-b93f-4cc1-a4ad-a900b65a3635" />
      <TestMethod codeBase="C:/inetpub/wwwroot/ProyectosLV/Manifiesto.Web/Manifiesto.Web.Tests/bin/Debug/Manifiesto.Web.Tests.DLL" adapterTypeName="Microsoft.VisualStudio.TestTools.TestTypes.Unit.UnitTestAdapter, Microsoft.VisualStudio.QualityTools.Tips.UnitTest.Adapter, Version=10.0.0.0, Culture=neutral, PublicKeyToken=b03f5f7f11d50a3a" className="Manifiesto.Web.Tests.Controllers.AccountControllerTest, Manifiesto.Web.Tests, Version=1.0.0.0, Culture=neutral, PublicKeyToken=null" name="Login_Post_Return_NotNull" />
    </UnitTest>
    <UnitTest name="Index_Return_NotNull" storage="c:\inetpub\wwwroot\proyectoslv\manifiesto.web\manifiesto.web.tests\bin\debug\manifiesto.web.tests.dll" id="0be65871-ac44-91e8-eff5-5f8dffae63c4">
      <Execution id="53ef54cd-435b-4359-9f29-c5856e213ee8" />
      <TestMethod codeBase="C:/inetpub/wwwroot/ProyectosLV/Manifiesto.Web/Manifiesto.Web.Tests/bin/Debug/Manifiesto.Web.Tests.DLL" adapterTypeName="Microsoft.VisualStudio.TestTools.TestTypes.Unit.UnitTestAdapter, Microsoft.VisualStudio.QualityTools.Tips.UnitTest.Adapter, Version=10.0.0.0, Culture=neutral, PublicKeyToken=b03f5f7f11d50a3a" className="Manifiesto.Web.Tests.Aereo.ManifestControllerTest, Manifiesto.Web.Tests, Version=1.0.0.0, Culture=neutral, PublicKeyToken=null" name="Index_Return_NotNull" />
    </UnitTest>
    <UnitTest name="Login_Post_Return_InvalidModel" storage="c:\inetpub\wwwroot\proyectoslv\manifiesto.web\manifiesto.web.tests\bin\debug\manifiesto.web.tests.dll" id="c79ee40d-bcef-14c1-44f8-1fc1d9c2b8d9">
      <Execution id="b1795a86-7043-4fe8-9209-6c69e94459f0" />
      <TestMethod codeBase="C:/inetpub/wwwroot/ProyectosLV/Manifiesto.Web/Manifiesto.Web.Tests/bin/Debug/Manifiesto.Web.Tests.DLL" adapterTypeName="Microsoft.VisualStudio.TestTools.TestTypes.Unit.UnitTestAdapter, Microsoft.VisualStudio.QualityTools.Tips.UnitTest.Adapter, Version=10.0.0.0, Culture=neutral, PublicKeyToken=b03f5f7f11d50a3a" className="Manifiesto.Web.Tests.Controllers.AccountControllerTest, Manifiesto.Web.Tests, Version=1.0.0.0, Culture=neutral, PublicKeyToken=null" name="Login_Post_Return_InvalidModel" />
    </UnitTest>
  </TestDefinitions>
  <TestLists>
    <TestList name="Results Not in a List" id="8c84fa94-04c1-424b-9868-57a2d4851a1d" />
    <TestList name="All Loaded Results" id="19431567-8539-422a-85d7-44ee4e166bda" />
  </TestLists>
  <TestEntries>
    <TestEntry testId="0be65871-ac44-91e8-eff5-5f8dffae63c4" executionId="53ef54cd-435b-4359-9f29-c5856e213ee8" testListId="8c84fa94-04c1-424b-9868-57a2d4851a1d" />
    <TestEntry testId="15568ee3-e003-e275-ae46-1e423acfa098" executionId="28196435-54a8-4bfe-b4be-fc574357ff4d" testListId="8c84fa94-04c1-424b-9868-57a2d4851a1d" />
    <TestEntry testId="48df8f7f-84dc-8856-abfc-e2193f504ae6" executionId="1ad4684a-7c0b-4403-ba89-f1ef700f7ef8" testListId="8c84fa94-04c1-424b-9868-57a2d4851a1d" />
    <TestEntry testId="580c43ce-5ece-8590-bf09-da59bbe29037" executionId="bb7fcf38-5a38-40d8-8759-171f49c68970" testListId="8c84fa94-04c1-424b-9868-57a2d4851a1d" />
    <TestEntry testId="594525dc-3ee5-db5e-4a9f-8b1683282581" executionId="258864c7-b0a6-40b3-908f-5547dea01d1f" testListId="8c84fa94-04c1-424b-9868-57a2d4851a1d" />
    <TestEntry testId="6fc850a3-de3f-2da2-e36c-a81395bd8165" executionId="41be550e-5d90-47ee-a702-1e3cd1e4ee8b" testListId="8c84fa94-04c1-424b-9868-57a2d4851a1d" />
    <TestEntry testId="7acf22b7-2b6a-79e5-ef78-7b7f6634f77f" executionId="ea0f1ad3-c6f8-45ad-9e49-a9808281d118" testListId="8c84fa94-04c1-424b-9868-57a2d4851a1d" />
    <TestEntry testId="80e1f92b-baf3-7ac4-b7ca-e9cbf5bb42a3" executionId="1e10b5f6-0ab4-45ca-ac2e-98fb5983accf" testListId="8c84fa94-04c1-424b-9868-57a2d4851a1d" />
    <TestEntry testId="859782cc-4c7f-74ea-cd29-83a633891ab5" executionId="cdf8c7b0-c9e1-427c-be7d-27fdfd7d7210" testListId="8c84fa94-04c1-424b-9868-57a2d4851a1d" />
    <TestEntry testId="9ff32c1d-748e-5536-d71f-7ff29fb29e81" executionId="6aa2b2c9-fa02-4968-b30a-f45512dbcdc1" testListId="8c84fa94-04c1-424b-9868-57a2d4851a1d" />
    <TestEntry testId="b046c936-faa9-abb3-379e-44eedefa2f29" executionId="d72e0378-78a1-4bd2-90d7-b5ef1810b25b" testListId="8c84fa94-04c1-424b-9868-57a2d4851a1d" />
    <TestEntry testId="c14d9c41-032c-5ed7-54d3-3fafc2192b17" executionId="80ea0dda-b93f-4cc1-a4ad-a900b65a3635" testListId="8c84fa94-04c1-424b-9868-57a2d4851a1d" />
    <TestEntry testId="c79ee40d-bcef-14c1-44f8-1fc1d9c2b8d9" executionId="b1795a86-7043-4fe8-9209-6c69e94459f0" testListId="8c84fa94-04c1-424b-9868-57a2d4851a1d" />
    <TestEntry testId="d7c67ffe-d6a0-e0bb-d782-a0e1cf47fc10" executionId="2f6e5b87-a1cf-4548-ab43-31be4e15f3da" testListId="8c84fa94-04c1-424b-9868-57a2d4851a1d" />
    <TestEntry testId="f2863c67-4f0a-4aa9-7a1c-c78f7666e71c" executionId="51da6421-41c3-43ce-8472-21883b2fff99" testListId="8c84fa94-04c1-424b-9868-57a2d4851a1d" />
  </TestEntries>
  <Results>
    <UnitTestResult executionId="53ef54cd-435b-4359-9f29-c5856e213ee8" testId="0be65871-ac44-91e8-eff5-5f8dffae63c4" testName="Index_Return_NotNull" computerName="GT-IT-05" duration="00:00:00.1630724" startTime="2015-07-07T12:50:56.4243035-06:00" endTime="2015-07-07T12:50:56.7363041-06:00" testType="13cdc9d9-ddb5-4fa4-a97d-d965ccfc6d4b" outcome="Passed" testListId="8c84fa94-04c1-424b-9868-57a2d4851a1d" relativeResultsDirectory="53ef54cd-435b-4359-9f29-c5856e213ee8">
    </UnitTestResult>
    <UnitTestResult executionId="28196435-54a8-4bfe-b4be-fc574357ff4d" testId="15568ee3-e003-e275-ae46-1e423acfa098" testName="Index_Return_NotNull" computerName="GT-IT-05" duration="00:00:00.0033868" startTime="2015-07-07T12:50:56.7363041-06:00" endTime="2015-07-07T12:50:56.7519041-06:00" testType="13cdc9d9-ddb5-4fa4-a97d-d965ccfc6d4b" outcome="Passed" testListId="8c84fa94-04c1-424b-9868-57a2d4851a1d" relativeResultsDirectory="28196435-54a8-4bfe-b4be-fc574357ff4d">
    </UnitTestResult>
    <UnitTestResult executionId="1ad4684a-7c0b-4403-ba89-f1ef700f7ef8" testId="48df8f7f-84dc-8856-abfc-e2193f504ae6" testName="LogOff_Return_NotNull" computerName="GT-IT-05" duration="00:00:00.0651193" startTime="2015-07-07T12:50:56.7519041-06:00" endTime="2015-07-07T12:50:56.8143042-06:00" testType="13cdc9d9-ddb5-4fa4-a97d-d965ccfc6d4b" outcome="Passed" testListId="8c84fa94-04c1-424b-9868-57a2d4851a1d" relativeResultsDirectory="1ad4684a-7c0b-4403-ba89-f1ef700f7ef8">
    </UnitTestResult>
    <UnitTestResult executionId="bb7fcf38-5a38-40d8-8759-171f49c68970" testId="580c43ce-5ece-8590-bf09-da59bbe29037" testName="Index_Return_WithData" computerName="GT-IT-05" duration="00:00:00.0076251" startTime="2015-07-07T12:50:56.8143042-06:00" endTime="2015-07-07T12:50:56.8299042-06:00" testType="13cdc9d9-ddb5-4fa4-a97d-d965ccfc6d4b" outcome="Passed" testListId="8c84fa94-04c1-424b-9868-57a2d4851a1d" relativeResultsDirectory="bb7fcf38-5a38-40d8-8759-171f49c68970">
    </UnitTestResult>
    <UnitTestResult executionId="258864c7-b0a6-40b3-908f-5547dea01d1f" testId="594525dc-3ee5-db5e-4a9f-8b1683282581" testName="Create_Return_View" computerName="GT-IT-05" duration="00:00:00.0009499" startTime="2015-07-07T12:50:56.8299042-06:00" endTime="2015-07-07T12:50:56.8299042-06:00" testType="13cdc9d9-ddb5-4fa4-a97d-d965ccfc6d4b" outcome="Passed" testListId="8c84fa94-04c1-424b-9868-57a2d4851a1d" relativeResultsDirectory="258864c7-b0a6-40b3-908f-5547dea01d1f">
    </UnitTestResult>
    <UnitTestResult executionId="41be550e-5d90-47ee-a702-1e3cd1e4ee8b" testId="6fc850a3-de3f-2da2-e36c-a81395bd8165" testName="Index_Return_NotNull" computerName="GT-IT-05" duration="00:00:00.0009683" startTime="2015-07-07T12:50:56.8299042-06:00" endTime="2015-07-07T12:50:56.8299042-06:00" testType="13cdc9d9-ddb5-4fa4-a97d-d965ccfc6d4b" outcome="Passed" testListId="8c84fa94-04c1-424b-9868-57a2d4851a1d" relativeResultsDirectory="41be550e-5d90-47ee-a702-1e3cd1e4ee8b">
    </UnitTestResult>
    <UnitTestResult executionId="ea0f1ad3-c6f8-45ad-9e49-a9808281d118" testId="7acf22b7-2b6a-79e5-ef78-7b7f6634f77f" testName="Login_Return_NotNull" computerName="GT-IT-05" duration="00:00:00.0090653" startTime="2015-07-07T12:50:56.8299042-06:00" endTime="2015-07-07T12:50:56.8455043-06:00" testType="13cdc9d9-ddb5-4fa4-a97d-d965ccfc6d4b" outcome="Passed" testListId="8c84fa94-04c1-424b-9868-57a2d4851a1d" relativeResultsDirectory="ea0f1ad3-c6f8-45ad-9e49-a9808281d118">
    </UnitTestResult>
    <UnitTestResult executionId="1e10b5f6-0ab4-45ca-ac2e-98fb5983accf" testId="80e1f92b-baf3-7ac4-b7ca-e9cbf5bb42a3" testName="finGuia_Return_NotNull" computerName="GT-IT-05" duration="00:00:00.0126290" startTime="2015-07-07T12:50:56.8455043-06:00" endTime="2015-07-07T12:50:56.8611043-06:00" testType="13cdc9d9-ddb5-4fa4-a97d-d965ccfc6d4b" outcome="Passed" testListId="8c84fa94-04c1-424b-9868-57a2d4851a1d" relativeResultsDirectory="1e10b5f6-0ab4-45ca-ac2e-98fb5983accf">
    </UnitTestResult>
    <UnitTestResult executionId="cdf8c7b0-c9e1-427c-be7d-27fdfd7d7210" testId="859782cc-4c7f-74ea-cd29-83a633891ab5" testName="Index_Return_NotNull" computerName="GT-IT-05" duration="00:00:00.0014072" startTime="2015-07-07T12:50:56.8611043-06:00" endTime="2015-07-07T12:50:56.8611043-06:00" testType="13cdc9d9-ddb5-4fa4-a97d-d965ccfc6d4b" outcome="Passed" testListId="8c84fa94-04c1-424b-9868-57a2d4851a1d" relativeResultsDirectory="cdf8c7b0-c9e1-427c-be7d-27fdfd7d7210">
    </UnitTestResult>
    <UnitTestResult executionId="6aa2b2c9-fa02-4968-b30a-f45512dbcdc1" testId="9ff32c1d-748e-5536-d71f-7ff29fb29e81" testName="Login_Post_InvalidUser" computerName="GT-IT-05" duration="00:00:00.0018724" startTime="2015-07-07T12:50:56.8611043-06:00" endTime="2015-07-07T12:50:56.8611043-06:00" testType="13cdc9d9-ddb5-4fa4-a97d-d965ccfc6d4b" outcome="Passed" testListId="8c84fa94-04c1-424b-9868-57a2d4851a1d" relativeResultsDirectory="6aa2b2c9-fa02-4968-b30a-f45512dbcdc1">
    </UnitTestResult>
    <UnitTestResult executionId="d72e0378-78a1-4bd2-90d7-b5ef1810b25b" testId="b046c936-faa9-abb3-379e-44eedefa2f29" testName="Index_Return_NotNull" computerName="GT-IT-05" duration="00:00:00.0003743" startTime="2015-07-07T12:50:56.8611043-06:00" endTime="2015-07-07T12:50:56.8767043-06:00" testType="13cdc9d9-ddb5-4fa4-a97d-d965ccfc6d4b" outcome="Passed" testListId="8c84fa94-04c1-424b-9868-57a2d4851a1d" relativeResultsDirectory="d72e0378-78a1-4bd2-90d7-b5ef1810b25b">
    </UnitTestResult>
    <UnitTestResult executionId="80ea0dda-b93f-4cc1-a4ad-a900b65a3635" testId="c14d9c41-032c-5ed7-54d3-3fafc2192b17" testName="Login_Post_Return_NotNull" computerName="GT-IT-05" duration="00:00:00.1250038" startTime="2015-07-07T12:50:56.8767043-06:00" endTime="2015-07-07T12:50:57.0015045-06:00" testType="13cdc9d9-ddb5-4fa4-a97d-d965ccfc6d4b" outcome="Passed" testListId="8c84fa94-04c1-424b-9868-57a2d4851a1d" relativeResultsDirectory="80ea0dda-b93f-4cc1-a4ad-a900b65a3635">
    </UnitTestResult>
    <UnitTestResult executionId="b1795a86-7043-4fe8-9209-6c69e94459f0" testId="c79ee40d-bcef-14c1-44f8-1fc1d9c2b8d9" testName="Login_Post_Return_InvalidModel" computerName="GT-IT-05" duration="00:00:00.0002780" startTime="2015-07-07T12:50:57.0015045-06:00" endTime="2015-07-07T12:50:57.0015045-06:00" testType="13cdc9d9-ddb5-4fa4-a97d-d965ccfc6d4b" outcome="Passed" testListId="8c84fa94-04c1-424b-9868-57a2d4851a1d" relativeResultsDirectory="b1795a86-7043-4fe8-9209-6c69e94459f0">
    </UnitTestResult>
    <UnitTestResult executionId="2f6e5b87-a1cf-4548-ab43-31be4e15f3da" testId="d7c67ffe-d6a0-e0bb-d782-a0e1cf47fc10" testName="Create_Voyage_Return_NotNull" computerName="GT-IT-05" duration="00:00:00.0041082" startTime="2015-07-07T12:50:57.0015045-06:00" endTime="2015-07-07T12:50:57.0015045-06:00" testType="13cdc9d9-ddb5-4fa4-a97d-d965ccfc6d4b" outcome="Passed" testListId="8c84fa94-04c1-424b-9868-57a2d4851a1d" relativeResultsDirectory="2f6e5b87-a1cf-4548-ab43-31be4e15f3da">
    </UnitTestResult>
    <UnitTestResult executionId="51da6421-41c3-43ce-8472-21883b2fff99" testId="f2863c67-4f0a-4aa9-7a1c-c78f7666e71c" testName="Create_Return_WithData" computerName="GT-IT-05" duration="00:00:00.0191150" startTime="2015-07-07T12:50:57.0015045-06:00" endTime="2015-07-07T12:50:57.0327046-06:00" testType="13cdc9d9-ddb5-4fa4-a97d-d965ccfc6d4b" outcome="Failed" testListId="8c84fa94-04c1-424b-9868-57a2d4851a1d" relativeResultsDirectory="51da6421-41c3-43ce-8472-21883b2fff99">
      <Output>
        <ErrorInfo>
          <Message>Test method Manifiesto.Web.Tests.Maritimo.TraficoControllerTest.Create_Return_WithData threw exception: 
Moq.MockVerificationException: The following setups were not matched:
ICuscarMaritimoServices f =&gt; f.validate_size_of_name_commodities(35, "FCL")
</Message>
          <StackTrace>    en Moq.Mock.VerifyAll()
   en Manifiesto.Web.Tests.Maritimo.TraficoControllerTest.Create_Return_WithData() en C:\inetpub\wwwroot\ProyectosLV\Manifiesto.Web\Manifiesto.Web.Tests\Maritimo\TraficoControllerTest.cs:línea 96
</StackTrace>
        </ErrorInfo>
      </Output>
    </UnitTestResult>
  </Results>
</TestRun>