<?xml version="1.0" encoding="UTF-8"?>
<TestRun id="826cd2ea-d668-4cb2-8ed9-a7ac1e17545d" name="GT-ST-12@GT-IT-05 2015-07-09 09:54:34" runUser="GT-IT-05\GT-ST-12" xmlns="http://microsoft.com/schemas/VisualStudio/TeamTest/2010">
  <TestSettings name="Local" id="dab5cc4b-a662-4624-a19b-0adf81ea34e2">
    <Description>These are default test settings for a local test run.</Description>
    <Deployment enabled="false" runDeploymentRoot="GT-ST-12_GT-IT-05 2015-07-09 09_54_34">
      <DeploymentItem filename="C:\inetpub\wwwroot\ProyectosLV\Manifiesto.Web\packages\Microsoft.AspNet.Mvc.4.0.20710.0\lib\net40\System.Web.Mvc.dll" />
      <DeploymentItem filename="C:\inetpub\wwwroot\ProyectosLV\Manifiesto.Web\db_aereo.Entities\bin\Debug\db_aereo.Entities.dll" />
      <DeploymentItem filename="C:\inetpub\wwwroot\ProyectosLV\Manifiesto.Web\packages\Microsoft.Net.Http.2.0.20710.0\lib\net40\System.Net.Http.WebRequest.dll" />
      <DeploymentItem filename="C:\inetpub\wwwroot\ProyectosLV\Manifiesto.Web\packages\Microsoft.Net.Http.2.0.20710.0\lib\net40\System.Net.Http.dll" />
      <DeploymentItem filename="C:\inetpub\wwwroot\ProyectosLV\Manifiesto.Web\packages\Microsoft.AspNet.WebPages.2.0.20710.0\lib\net40\System.Web.Helpers.dll" />
      <DeploymentItem filename="C:\inetpub\wwwroot\ProyectosLV\Manifiesto.Web\packages\Newtonsoft.Json.4.5.6\lib\net40\Newtonsoft.Json.dll" />
      <DeploymentItem filename="C:\inetpub\wwwroot\ProyectosLV\Manifiesto.Web\packages\Microsoft.AspNet.WebApi.Client.4.0.20710.0\lib\net40\System.Net.Http.Formatting.dll" />
      <DeploymentItem filename="C:\inetpub\wwwroot\ProyectosLV\Manifiesto.Web\packages\Microsoft.AspNet.WebApi.Core.4.0.20710.0\lib\net40\System.Web.Http.dll" />
      <DeploymentItem filename="C:\inetpub\wwwroot\ProyectosLV\Manifiesto.Web\packages\Moq.4.2.1507.0118\lib\net40\Moq.dll" />
      <DeploymentItem filename="C:\inetpub\wwwroot\ProyectosLV\Manifiesto.Web\packages\Microsoft.AspNet.WebPages.2.0.20710.0\lib\net40\System.Web.WebPages.Deployment.dll" />
      <DeploymentItem filename="C:\inetpub\wwwroot\ProyectosLV\Manifiesto.Web\packages\Microsoft.Web.Infrastructure.1.0.0.0\lib\net40\Microsoft.Web.Infrastructure.dll" />
      <DeploymentItem filename="C:\inetpub\wwwroot\ProyectosLV\Manifiesto.Web\packages\Microsoft.AspNet.WebApi.WebHost.4.0.20710.0\lib\net40\System.Web.Http.WebHost.dll" />
      <DeploymentItem filename="C:\inetpub\wwwroot\ProyectosLV\Manifiesto.Web\packages\Microsoft.AspNet.WebPages.2.0.20710.0\lib\net40\System.Web.WebPages.Razor.dll" />
      <DeploymentItem filename="C:\inetpub\wwwroot\ProyectosLV\Manifiesto.Web\ventas_gt.Entities\bin\Debug\ventas_gt.Entities.dll" />
      <DeploymentItem filename="C:\inetpub\wwwroot\ProyectosLV\Manifiesto.Web\packages\Microsoft.AspNet.WebPages.2.0.20710.0\lib\net40\System.Web.WebPages.dll" />
      <DeploymentItem filename="C:\inetpub\wwwroot\ProyectosLV\Manifiesto.Web\packages\AutoMapper.3.2.1\lib\net40\AutoMapper.Net4.dll" />
      <DeploymentItem filename="C:\inetpub\wwwroot\ProyectosLV\Manifiesto.Web\Manifiesto.Web\bin\Manifiesto.Web.dll" />
      <DeploymentItem filename="C:\inetpub\wwwroot\ProyectosLV\Manifiesto.Web\packages\Microsoft.AspNet.Razor.2.0.20710.0\lib\net40\System.Web.Razor.dll" />
      <DeploymentItem filename="C:\inetpub\wwwroot\ProyectosLV\Manifiesto.Web\packages\AutoMapper.3.2.1\lib\net40\AutoMapper.dll" />
    </Deployment>
    <Execution>
      <TestTypeSpecific />
      <AgentRule name="Execution Agents">
      </AgentRule>
    </Execution>
  </TestSettings>
  <Times creation="2015-07-09T09:54:34.0905686-06:00" queuing="2015-07-09T09:54:34.8356112-06:00" start="2015-07-09T09:54:34.8866141-06:00" finish="2015-07-09T09:54:35.6296566-06:00" />
  <ResultSummary outcome="Failed">
    <Counters total="15" executed="15" passed="14" error="0" failed="1" timeout="0" aborted="0" inconclusive="0" passedButRunAborted="0" notRunnable="0" notExecuted="0" disconnected="0" warning="0" completed="0" inProgress="0" pending="0" />
  </ResultSummary>
  <TestDefinitions>
    <UnitTest name="Login_Post_InvalidUser" storage="c:\inetpub\wwwroot\proyectoslv\manifiesto.web\manifiesto.web.tests\bin\debug\manifiesto.web.tests.dll" id="9ff32c1d-748e-5536-d71f-7ff29fb29e81">
      <Execution id="66455f6e-60b6-4993-8cdf-d8c7808fad68" />
      <TestMethod codeBase="C:/inetpub/wwwroot/ProyectosLV/Manifiesto.Web/Manifiesto.Web.Tests/bin/Debug/Manifiesto.Web.Tests.DLL" adapterTypeName="Microsoft.VisualStudio.TestTools.TestTypes.Unit.UnitTestAdapter, Microsoft.VisualStudio.QualityTools.Tips.UnitTest.Adapter, Version=10.0.0.0, Culture=neutral, PublicKeyToken=b03f5f7f11d50a3a" className="Manifiesto.Web.Tests.Controllers.AccountControllerTest, Manifiesto.Web.Tests, Version=1.0.0.0, Culture=neutral, PublicKeyToken=null" name="Login_Post_InvalidUser" />
    </UnitTest>
    <UnitTest name="Index_Return_WithData" storage="c:\inetpub\wwwroot\proyectoslv\manifiesto.web\manifiesto.web.tests\bin\debug\manifiesto.web.tests.dll" id="580c43ce-5ece-8590-bf09-da59bbe29037">
      <Execution id="5a814611-fda7-4b76-855d-b349f46dace6" />
      <TestMethod codeBase="C:/inetpub/wwwroot/ProyectosLV/Manifiesto.Web/Manifiesto.Web.Tests/bin/Debug/Manifiesto.Web.Tests.DLL" adapterTypeName="Microsoft.VisualStudio.TestTools.TestTypes.Unit.UnitTestAdapter, Microsoft.VisualStudio.QualityTools.Tips.UnitTest.Adapter, Version=10.0.0.0, Culture=neutral, PublicKeyToken=b03f5f7f11d50a3a" className="Manifiesto.Web.Tests.Maritimo.TraficoControllerTest, Manifiesto.Web.Tests, Version=1.0.0.0, Culture=neutral, PublicKeyToken=null" name="Index_Return_WithData" />
    </UnitTest>
    <UnitTest name="Create_Return_WithData" storage="c:\inetpub\wwwroot\proyectoslv\manifiesto.web\manifiesto.web.tests\bin\debug\manifiesto.web.tests.dll" id="f2863c67-4f0a-4aa9-7a1c-c78f7666e71c">
      <Execution id="12e0420c-f0ae-4861-b8ab-aff6c52ac7e2" />
      <TestMethod codeBase="C:/inetpub/wwwroot/ProyectosLV/Manifiesto.Web/Manifiesto.Web.Tests/bin/Debug/Manifiesto.Web.Tests.DLL" adapterTypeName="Microsoft.VisualStudio.TestTools.TestTypes.Unit.UnitTestAdapter, Microsoft.VisualStudio.QualityTools.Tips.UnitTest.Adapter, Version=10.0.0.0, Culture=neutral, PublicKeyToken=b03f5f7f11d50a3a" className="Manifiesto.Web.Tests.Maritimo.TraficoControllerTest, Manifiesto.Web.Tests, Version=1.0.0.0, Culture=neutral, PublicKeyToken=null" name="Create_Return_WithData" />
    </UnitTest>
    <UnitTest name="Index_Return_NotNull" storage="c:\inetpub\wwwroot\proyectoslv\manifiesto.web\manifiesto.web.tests\bin\debug\manifiesto.web.tests.dll" id="b046c936-faa9-abb3-379e-44eedefa2f29">
      <Execution id="a48b447a-040e-46b7-892c-81d5bdaf05fc" />
      <TestMethod codeBase="C:/inetpub/wwwroot/ProyectosLV/Manifiesto.Web/Manifiesto.Web.Tests/bin/Debug/Manifiesto.Web.Tests.DLL" adapterTypeName="Microsoft.VisualStudio.TestTools.TestTypes.Unit.UnitTestAdapter, Microsoft.VisualStudio.QualityTools.Tips.UnitTest.Adapter, Version=10.0.0.0, Culture=neutral, PublicKeyToken=b03f5f7f11d50a3a" className="Manifiesto.Web.Tests.Maritimo.ManifestControllerTest, Manifiesto.Web.Tests, Version=1.0.0.0, Culture=neutral, PublicKeyToken=null" name="Index_Return_NotNull" />
    </UnitTest>
    <UnitTest name="Create_Return_View" storage="c:\inetpub\wwwroot\proyectoslv\manifiesto.web\manifiesto.web.tests\bin\debug\manifiesto.web.tests.dll" id="594525dc-3ee5-db5e-4a9f-8b1683282581">
      <Execution id="a0ac1f87-b86a-40cc-89d0-fd442d89499d" />
      <TestMethod codeBase="C:/inetpub/wwwroot/ProyectosLV/Manifiesto.Web/Manifiesto.Web.Tests/bin/Debug/Manifiesto.Web.Tests.DLL" adapterTypeName="Microsoft.VisualStudio.TestTools.TestTypes.Unit.UnitTestAdapter, Microsoft.VisualStudio.QualityTools.Tips.UnitTest.Adapter, Version=10.0.0.0, Culture=neutral, PublicKeyToken=b03f5f7f11d50a3a" className="Manifiesto.Web.Tests.Maritimo.TraficoControllerTest, Manifiesto.Web.Tests, Version=1.0.0.0, Culture=neutral, PublicKeyToken=null" name="Create_Return_View" />
    </UnitTest>
    <UnitTest name="Create_Voyage_Return_NotNull" storage="c:\inetpub\wwwroot\proyectoslv\manifiesto.web\manifiesto.web.tests\bin\debug\manifiesto.web.tests.dll" id="d7c67ffe-d6a0-e0bb-d782-a0e1cf47fc10">
      <Execution id="ee818260-b44a-4c1e-8aff-753537f2edef" />
      <TestMethod codeBase="C:/inetpub/wwwroot/ProyectosLV/Manifiesto.Web/Manifiesto.Web.Tests/bin/Debug/Manifiesto.Web.Tests.DLL" adapterTypeName="Microsoft.VisualStudio.TestTools.TestTypes.Unit.UnitTestAdapter, Microsoft.VisualStudio.QualityTools.Tips.UnitTest.Adapter, Version=10.0.0.0, Culture=neutral, PublicKeyToken=b03f5f7f11d50a3a" className="Manifiesto.Web.Tests.Aereo.ManifestControllerTest, Manifiesto.Web.Tests, Version=1.0.0.0, Culture=neutral, PublicKeyToken=null" name="Create_Voyage_Return_NotNull" />
    </UnitTest>
    <UnitTest name="Index_Return_NotNull" storage="c:\inetpub\wwwroot\proyectoslv\manifiesto.web\manifiesto.web.tests\bin\debug\manifiesto.web.tests.dll" id="859782cc-4c7f-74ea-cd29-83a633891ab5">
      <Execution id="b1286ae4-21c5-4438-9a84-a127c07ec301" />
      <TestMethod codeBase="C:/inetpub/wwwroot/ProyectosLV/Manifiesto.Web/Manifiesto.Web.Tests/bin/Debug/Manifiesto.Web.Tests.DLL" adapterTypeName="Microsoft.VisualStudio.TestTools.TestTypes.Unit.UnitTestAdapter, Microsoft.VisualStudio.QualityTools.Tips.UnitTest.Adapter, Version=10.0.0.0, Culture=neutral, PublicKeyToken=b03f5f7f11d50a3a" className="Manifiesto.Web.Tests.Aereo.ExportControllerTest, Manifiesto.Web.Tests, Version=1.0.0.0, Culture=neutral, PublicKeyToken=null" name="Index_Return_NotNull" />
    </UnitTest>
    <UnitTest name="Index_Return_NotNull" storage="c:\inetpub\wwwroot\proyectoslv\manifiesto.web\manifiesto.web.tests\bin\debug\manifiesto.web.tests.dll" id="6fc850a3-de3f-2da2-e36c-a81395bd8165">
      <Execution id="9272e4bb-1093-49cc-8e0d-7ab16f7bd18f" />
      <TestMethod codeBase="C:/inetpub/wwwroot/ProyectosLV/Manifiesto.Web/Manifiesto.Web.Tests/bin/Debug/Manifiesto.Web.Tests.DLL" adapterTypeName="Microsoft.VisualStudio.TestTools.TestTypes.Unit.UnitTestAdapter, Microsoft.VisualStudio.QualityTools.Tips.UnitTest.Adapter, Version=10.0.0.0, Culture=neutral, PublicKeyToken=b03f5f7f11d50a3a" className="Manifiesto.Web.Tests.Maritimo.TraficoControllerTest, Manifiesto.Web.Tests, Version=1.0.0.0, Culture=neutral, PublicKeyToken=null" name="Index_Return_NotNull" />
    </UnitTest>
    <UnitTest name="Login_Return_NotNull" storage="c:\inetpub\wwwroot\proyectoslv\manifiesto.web\manifiesto.web.tests\bin\debug\manifiesto.web.tests.dll" id="7acf22b7-2b6a-79e5-ef78-7b7f6634f77f">
      <Execution id="f68983d8-c7eb-455d-a060-8e3ae4a6ac6c" />
      <TestMethod codeBase="C:/inetpub/wwwroot/ProyectosLV/Manifiesto.Web/Manifiesto.Web.Tests/bin/Debug/Manifiesto.Web.Tests.DLL" adapterTypeName="Microsoft.VisualStudio.TestTools.TestTypes.Unit.UnitTestAdapter, Microsoft.VisualStudio.QualityTools.Tips.UnitTest.Adapter, Version=10.0.0.0, Culture=neutral, PublicKeyToken=b03f5f7f11d50a3a" className="Manifiesto.Web.Tests.Controllers.AccountControllerTest, Manifiesto.Web.Tests, Version=1.0.0.0, Culture=neutral, PublicKeyToken=null" name="Login_Return_NotNull" />
    </UnitTest>
    <UnitTest name="finGuia_Return_NotNull" storage="c:\inetpub\wwwroot\proyectoslv\manifiesto.web\manifiesto.web.tests\bin\debug\manifiesto.web.tests.dll" id="80e1f92b-baf3-7ac4-b7ca-e9cbf5bb42a3">
      <Execution id="31fe5304-b487-452a-8c3f-cc5a4f4a6ff5" />
      <TestMethod codeBase="C:/inetpub/wwwroot/ProyectosLV/Manifiesto.Web/Manifiesto.Web.Tests/bin/Debug/Manifiesto.Web.Tests.DLL" adapterTypeName="Microsoft.VisualStudio.TestTools.TestTypes.Unit.UnitTestAdapter, Microsoft.VisualStudio.QualityTools.Tips.UnitTest.Adapter, Version=10.0.0.0, Culture=neutral, PublicKeyToken=b03f5f7f11d50a3a" className="Manifiesto.Web.Tests.Aereo.ManifestControllerTest, Manifiesto.Web.Tests, Version=1.0.0.0, Culture=neutral, PublicKeyToken=null" name="finGuia_Return_NotNull" />
    </UnitTest>
    <UnitTest name="Index_Return_NotNull" storage="c:\inetpub\wwwroot\proyectoslv\manifiesto.web\manifiesto.web.tests\bin\debug\manifiesto.web.tests.dll" id="15568ee3-e003-e275-ae46-1e423acfa098">
      <Execution id="6ad5cf73-da9d-44ec-9276-8b6f2834b49c" />
      <TestMethod codeBase="C:/inetpub/wwwroot/ProyectosLV/Manifiesto.Web/Manifiesto.Web.Tests/bin/Debug/Manifiesto.Web.Tests.DLL" adapterTypeName="Microsoft.VisualStudio.TestTools.TestTypes.Unit.UnitTestAdapter, Microsoft.VisualStudio.QualityTools.Tips.UnitTest.Adapter, Version=10.0.0.0, Culture=neutral, PublicKeyToken=b03f5f7f11d50a3a" className="Manifiesto.Web.Tests.Aereo.ImportControllerTest, Manifiesto.Web.Tests, Version=1.0.0.0, Culture=neutral, PublicKeyToken=null" name="Index_Return_NotNull" />
    </UnitTest>
    <UnitTest name="LogOff_Return_NotNull" storage="c:\inetpub\wwwroot\proyectoslv\manifiesto.web\manifiesto.web.tests\bin\debug\manifiesto.web.tests.dll" id="48df8f7f-84dc-8856-abfc-e2193f504ae6">
      <Execution id="f50aed1d-76db-40ca-9e40-60a263bf1492" />
      <TestMethod codeBase="C:/inetpub/wwwroot/ProyectosLV/Manifiesto.Web/Manifiesto.Web.Tests/bin/Debug/Manifiesto.Web.Tests.DLL" adapterTypeName="Microsoft.VisualStudio.TestTools.TestTypes.Unit.UnitTestAdapter, Microsoft.VisualStudio.QualityTools.Tips.UnitTest.Adapter, Version=10.0.0.0, Culture=neutral, PublicKeyToken=b03f5f7f11d50a3a" className="Manifiesto.Web.Tests.Controllers.AccountControllerTest, Manifiesto.Web.Tests, Version=1.0.0.0, Culture=neutral, PublicKeyToken=null" name="LogOff_Return_NotNull" />
    </UnitTest>
    <UnitTest name="Login_Post_Return_NotNull" storage="c:\inetpub\wwwroot\proyectoslv\manifiesto.web\manifiesto.web.tests\bin\debug\manifiesto.web.tests.dll" id="c14d9c41-032c-5ed7-54d3-3fafc2192b17">
      <Execution id="b08a7da1-867b-461d-aff6-570b3c4eef46" />
      <TestMethod codeBase="C:/inetpub/wwwroot/ProyectosLV/Manifiesto.Web/Manifiesto.Web.Tests/bin/Debug/Manifiesto.Web.Tests.DLL" adapterTypeName="Microsoft.VisualStudio.TestTools.TestTypes.Unit.UnitTestAdapter, Microsoft.VisualStudio.QualityTools.Tips.UnitTest.Adapter, Version=10.0.0.0, Culture=neutral, PublicKeyToken=b03f5f7f11d50a3a" className="Manifiesto.Web.Tests.Controllers.AccountControllerTest, Manifiesto.Web.Tests, Version=1.0.0.0, Culture=neutral, PublicKeyToken=null" name="Login_Post_Return_NotNull" />
    </UnitTest>
    <UnitTest name="Index_Return_NotNull" storage="c:\inetpub\wwwroot\proyectoslv\manifiesto.web\manifiesto.web.tests\bin\debug\manifiesto.web.tests.dll" id="0be65871-ac44-91e8-eff5-5f8dffae63c4">
      <Execution id="88793ace-0b39-44ee-b411-6fdd531dc2bd" />
      <TestMethod codeBase="C:/inetpub/wwwroot/ProyectosLV/Manifiesto.Web/Manifiesto.Web.Tests/bin/Debug/Manifiesto.Web.Tests.DLL" adapterTypeName="Microsoft.VisualStudio.TestTools.TestTypes.Unit.UnitTestAdapter, Microsoft.VisualStudio.QualityTools.Tips.UnitTest.Adapter, Version=10.0.0.0, Culture=neutral, PublicKeyToken=b03f5f7f11d50a3a" className="Manifiesto.Web.Tests.Aereo.ManifestControllerTest, Manifiesto.Web.Tests, Version=1.0.0.0, Culture=neutral, PublicKeyToken=null" name="Index_Return_NotNull" />
    </UnitTest>
    <UnitTest name="Login_Post_Return_InvalidModel" storage="c:\inetpub\wwwroot\proyectoslv\manifiesto.web\manifiesto.web.tests\bin\debug\manifiesto.web.tests.dll" id="c79ee40d-bcef-14c1-44f8-1fc1d9c2b8d9">
      <Execution id="0f7084ad-8ba3-4860-a77b-dae4025cdbeb" />
      <TestMethod codeBase="C:/inetpub/wwwroot/ProyectosLV/Manifiesto.Web/Manifiesto.Web.Tests/bin/Debug/Manifiesto.Web.Tests.DLL" adapterTypeName="Microsoft.VisualStudio.TestTools.TestTypes.Unit.UnitTestAdapter, Microsoft.VisualStudio.QualityTools.Tips.UnitTest.Adapter, Version=10.0.0.0, Culture=neutral, PublicKeyToken=b03f5f7f11d50a3a" className="Manifiesto.Web.Tests.Controllers.AccountControllerTest, Manifiesto.Web.Tests, Version=1.0.0.0, Culture=neutral, PublicKeyToken=null" name="Login_Post_Return_InvalidModel" />
    </UnitTest>
  </TestDefinitions>
  <TestLists>
    <TestList name="Results Not in a List" id="8c84fa94-04c1-424b-9868-57a2d4851a1d" />
    <TestList name="All Loaded Results" id="19431567-8539-422a-85d7-44ee4e166bda" />
  </TestLists>
  <TestEntries>
    <TestEntry testId="0be65871-ac44-91e8-eff5-5f8dffae63c4" executionId="88793ace-0b39-44ee-b411-6fdd531dc2bd" testListId="8c84fa94-04c1-424b-9868-57a2d4851a1d" />
    <TestEntry testId="15568ee3-e003-e275-ae46-1e423acfa098" executionId="6ad5cf73-da9d-44ec-9276-8b6f2834b49c" testListId="8c84fa94-04c1-424b-9868-57a2d4851a1d" />
    <TestEntry testId="48df8f7f-84dc-8856-abfc-e2193f504ae6" executionId="f50aed1d-76db-40ca-9e40-60a263bf1492" testListId="8c84fa94-04c1-424b-9868-57a2d4851a1d" />
    <TestEntry testId="580c43ce-5ece-8590-bf09-da59bbe29037" executionId="5a814611-fda7-4b76-855d-b349f46dace6" testListId="8c84fa94-04c1-424b-9868-57a2d4851a1d" />
    <TestEntry testId="594525dc-3ee5-db5e-4a9f-8b1683282581" executionId="a0ac1f87-b86a-40cc-89d0-fd442d89499d" testListId="8c84fa94-04c1-424b-9868-57a2d4851a1d" />
    <TestEntry testId="6fc850a3-de3f-2da2-e36c-a81395bd8165" executionId="9272e4bb-1093-49cc-8e0d-7ab16f7bd18f" testListId="8c84fa94-04c1-424b-9868-57a2d4851a1d" />
    <TestEntry testId="7acf22b7-2b6a-79e5-ef78-7b7f6634f77f" executionId="f68983d8-c7eb-455d-a060-8e3ae4a6ac6c" testListId="8c84fa94-04c1-424b-9868-57a2d4851a1d" />
    <TestEntry testId="80e1f92b-baf3-7ac4-b7ca-e9cbf5bb42a3" executionId="31fe5304-b487-452a-8c3f-cc5a4f4a6ff5" testListId="8c84fa94-04c1-424b-9868-57a2d4851a1d" />
    <TestEntry testId="859782cc-4c7f-74ea-cd29-83a633891ab5" executionId="b1286ae4-21c5-4438-9a84-a127c07ec301" testListId="8c84fa94-04c1-424b-9868-57a2d4851a1d" />
    <TestEntry testId="9ff32c1d-748e-5536-d71f-7ff29fb29e81" executionId="66455f6e-60b6-4993-8cdf-d8c7808fad68" testListId="8c84fa94-04c1-424b-9868-57a2d4851a1d" />
    <TestEntry testId="b046c936-faa9-abb3-379e-44eedefa2f29" executionId="a48b447a-040e-46b7-892c-81d5bdaf05fc" testListId="8c84fa94-04c1-424b-9868-57a2d4851a1d" />
    <TestEntry testId="c14d9c41-032c-5ed7-54d3-3fafc2192b17" executionId="b08a7da1-867b-461d-aff6-570b3c4eef46" testListId="8c84fa94-04c1-424b-9868-57a2d4851a1d" />
    <TestEntry testId="c79ee40d-bcef-14c1-44f8-1fc1d9c2b8d9" executionId="0f7084ad-8ba3-4860-a77b-dae4025cdbeb" testListId="8c84fa94-04c1-424b-9868-57a2d4851a1d" />
    <TestEntry testId="d7c67ffe-d6a0-e0bb-d782-a0e1cf47fc10" executionId="ee818260-b44a-4c1e-8aff-753537f2edef" testListId="8c84fa94-04c1-424b-9868-57a2d4851a1d" />
    <TestEntry testId="f2863c67-4f0a-4aa9-7a1c-c78f7666e71c" executionId="12e0420c-f0ae-4861-b8ab-aff6c52ac7e2" testListId="8c84fa94-04c1-424b-9868-57a2d4851a1d" />
  </TestEntries>
  <Results>
    <UnitTestResult executionId="88793ace-0b39-44ee-b411-6fdd531dc2bd" testId="0be65871-ac44-91e8-eff5-5f8dffae63c4" testName="Index_Return_NotNull" computerName="GT-IT-05" duration="00:00:00.2163967" startTime="2015-07-09T09:54:34.8926145-06:00" endTime="2015-07-09T09:54:35.2556352-06:00" testType="13cdc9d9-ddb5-4fa4-a97d-d965ccfc6d4b" outcome="Passed" testListId="8c84fa94-04c1-424b-9868-57a2d4851a1d" relativeResultsDirectory="88793ace-0b39-44ee-b411-6fdd531dc2bd">
    </UnitTestResult>
    <UnitTestResult executionId="6ad5cf73-da9d-44ec-9276-8b6f2834b49c" testId="15568ee3-e003-e275-ae46-1e423acfa098" testName="Index_Return_NotNull" computerName="GT-IT-05" duration="00:00:00.0035471" startTime="2015-07-09T09:54:35.2566353-06:00" endTime="2015-07-09T09:54:35.2626356-06:00" testType="13cdc9d9-ddb5-4fa4-a97d-d965ccfc6d4b" outcome="Passed" testListId="8c84fa94-04c1-424b-9868-57a2d4851a1d" relativeResultsDirectory="6ad5cf73-da9d-44ec-9276-8b6f2834b49c">
    </UnitTestResult>
    <UnitTestResult executionId="f50aed1d-76db-40ca-9e40-60a263bf1492" testId="48df8f7f-84dc-8856-abfc-e2193f504ae6" testName="LogOff_Return_NotNull" computerName="GT-IT-05" duration="00:00:00.0391428" startTime="2015-07-09T09:54:35.2636357-06:00" endTime="2015-07-09T09:54:35.3036380-06:00" testType="13cdc9d9-ddb5-4fa4-a97d-d965ccfc6d4b" outcome="Passed" testListId="8c84fa94-04c1-424b-9868-57a2d4851a1d" relativeResultsDirectory="f50aed1d-76db-40ca-9e40-60a263bf1492">
    </UnitTestResult>
    <UnitTestResult executionId="5a814611-fda7-4b76-855d-b349f46dace6" testId="580c43ce-5ece-8590-bf09-da59bbe29037" testName="Index_Return_WithData" computerName="GT-IT-05" duration="00:00:00.0076653" startTime="2015-07-09T09:54:35.3056381-06:00" endTime="2015-07-09T09:54:35.3146386-06:00" testType="13cdc9d9-ddb5-4fa4-a97d-d965ccfc6d4b" outcome="Passed" testListId="8c84fa94-04c1-424b-9868-57a2d4851a1d" relativeResultsDirectory="5a814611-fda7-4b76-855d-b349f46dace6">
    </UnitTestResult>
    <UnitTestResult executionId="a0ac1f87-b86a-40cc-89d0-fd442d89499d" testId="594525dc-3ee5-db5e-4a9f-8b1683282581" testName="Create_Return_View" computerName="GT-IT-05" duration="00:00:00.0009752" startTime="2015-07-09T09:54:35.3156387-06:00" endTime="2015-07-09T09:54:35.3186388-06:00" testType="13cdc9d9-ddb5-4fa4-a97d-d965ccfc6d4b" outcome="Passed" testListId="8c84fa94-04c1-424b-9868-57a2d4851a1d" relativeResultsDirectory="a0ac1f87-b86a-40cc-89d0-fd442d89499d">
    </UnitTestResult>
    <UnitTestResult executionId="9272e4bb-1093-49cc-8e0d-7ab16f7bd18f" testId="6fc850a3-de3f-2da2-e36c-a81395bd8165" testName="Index_Return_NotNull" computerName="GT-IT-05" duration="00:00:00.0009122" startTime="2015-07-09T09:54:35.3196389-06:00" endTime="2015-07-09T09:54:35.3216390-06:00" testType="13cdc9d9-ddb5-4fa4-a97d-d965ccfc6d4b" outcome="Passed" testListId="8c84fa94-04c1-424b-9868-57a2d4851a1d" relativeResultsDirectory="9272e4bb-1093-49cc-8e0d-7ab16f7bd18f">
    </UnitTestResult>
    <UnitTestResult executionId="f68983d8-c7eb-455d-a060-8e3ae4a6ac6c" testId="7acf22b7-2b6a-79e5-ef78-7b7f6634f77f" testName="Login_Return_NotNull" computerName="GT-IT-05" duration="00:00:00.0092253" startTime="2015-07-09T09:54:35.3226391-06:00" endTime="2015-07-09T09:54:35.3336397-06:00" testType="13cdc9d9-ddb5-4fa4-a97d-d965ccfc6d4b" outcome="Passed" testListId="8c84fa94-04c1-424b-9868-57a2d4851a1d" relativeResultsDirectory="f68983d8-c7eb-455d-a060-8e3ae4a6ac6c">
    </UnitTestResult>
    <UnitTestResult executionId="31fe5304-b487-452a-8c3f-cc5a4f4a6ff5" testId="80e1f92b-baf3-7ac4-b7ca-e9cbf5bb42a3" testName="finGuia_Return_NotNull" computerName="GT-IT-05" duration="00:00:00.0127684" startTime="2015-07-09T09:54:35.3346397-06:00" endTime="2015-07-09T09:54:35.3486405-06:00" testType="13cdc9d9-ddb5-4fa4-a97d-d965ccfc6d4b" outcome="Passed" testListId="8c84fa94-04c1-424b-9868-57a2d4851a1d" relativeResultsDirectory="31fe5304-b487-452a-8c3f-cc5a4f4a6ff5">
    </UnitTestResult>
    <UnitTestResult executionId="b1286ae4-21c5-4438-9a84-a127c07ec301" testId="859782cc-4c7f-74ea-cd29-83a633891ab5" testName="Index_Return_NotNull" computerName="GT-IT-05" duration="00:00:00.0013821" startTime="2015-07-09T09:54:35.3496406-06:00" endTime="2015-07-09T09:54:35.3526408-06:00" testType="13cdc9d9-ddb5-4fa4-a97d-d965ccfc6d4b" outcome="Passed" testListId="8c84fa94-04c1-424b-9868-57a2d4851a1d" relativeResultsDirectory="b1286ae4-21c5-4438-9a84-a127c07ec301">
    </UnitTestResult>
    <UnitTestResult executionId="66455f6e-60b6-4993-8cdf-d8c7808fad68" testId="9ff32c1d-748e-5536-d71f-7ff29fb29e81" testName="Login_Post_InvalidUser" computerName="GT-IT-05" duration="00:00:00.0018775" startTime="2015-07-09T09:54:35.3536408-06:00" endTime="2015-07-09T09:54:35.3576411-06:00" testType="13cdc9d9-ddb5-4fa4-a97d-d965ccfc6d4b" outcome="Passed" testListId="8c84fa94-04c1-424b-9868-57a2d4851a1d" relativeResultsDirectory="66455f6e-60b6-4993-8cdf-d8c7808fad68">
    </UnitTestResult>
    <UnitTestResult executionId="a48b447a-040e-46b7-892c-81d5bdaf05fc" testId="b046c936-faa9-abb3-379e-44eedefa2f29" testName="Index_Return_NotNull" computerName="GT-IT-05" duration="00:00:00.0003492" startTime="2015-07-09T09:54:35.3576411-06:00" endTime="2015-07-09T09:54:35.3596412-06:00" testType="13cdc9d9-ddb5-4fa4-a97d-d965ccfc6d4b" outcome="Passed" testListId="8c84fa94-04c1-424b-9868-57a2d4851a1d" relativeResultsDirectory="a48b447a-040e-46b7-892c-81d5bdaf05fc">
    </UnitTestResult>
    <UnitTestResult executionId="b08a7da1-867b-461d-aff6-570b3c4eef46" testId="c14d9c41-032c-5ed7-54d3-3fafc2192b17" testName="Login_Post_Return_NotNull" computerName="GT-IT-05" duration="00:00:00.1258140" startTime="2015-07-09T09:54:35.3606412-06:00" endTime="2015-07-09T09:54:35.4876485-06:00" testType="13cdc9d9-ddb5-4fa4-a97d-d965ccfc6d4b" outcome="Passed" testListId="8c84fa94-04c1-424b-9868-57a2d4851a1d" relativeResultsDirectory="b08a7da1-867b-461d-aff6-570b3c4eef46">
    </UnitTestResult>
    <UnitTestResult executionId="0f7084ad-8ba3-4860-a77b-dae4025cdbeb" testId="c79ee40d-bcef-14c1-44f8-1fc1d9c2b8d9" testName="Login_Post_Return_InvalidModel" computerName="GT-IT-05" duration="00:00:00.0003066" startTime="2015-07-09T09:54:35.4896486-06:00" endTime="2015-07-09T09:54:35.4916487-06:00" testType="13cdc9d9-ddb5-4fa4-a97d-d965ccfc6d4b" outcome="Passed" testListId="8c84fa94-04c1-424b-9868-57a2d4851a1d" relativeResultsDirectory="0f7084ad-8ba3-4860-a77b-dae4025cdbeb">
    </UnitTestResult>
    <UnitTestResult executionId="ee818260-b44a-4c1e-8aff-753537f2edef" testId="d7c67ffe-d6a0-e0bb-d782-a0e1cf47fc10" testName="Create_Voyage_Return_NotNull" computerName="GT-IT-05" duration="00:00:00.0041538" startTime="2015-07-09T09:54:35.4926488-06:00" endTime="2015-07-09T09:54:35.4976491-06:00" testType="13cdc9d9-ddb5-4fa4-a97d-d965ccfc6d4b" outcome="Passed" testListId="8c84fa94-04c1-424b-9868-57a2d4851a1d" relativeResultsDirectory="ee818260-b44a-4c1e-8aff-753537f2edef">
    </UnitTestResult>
    <UnitTestResult executionId="12e0420c-f0ae-4861-b8ab-aff6c52ac7e2" testId="f2863c67-4f0a-4aa9-7a1c-c78f7666e71c" testName="Create_Return_WithData" computerName="GT-IT-05" duration="00:00:00.0354909" startTime="2015-07-09T09:54:35.4986491-06:00" endTime="2015-07-09T09:54:35.5356512-06:00" testType="13cdc9d9-ddb5-4fa4-a97d-d965ccfc6d4b" outcome="Failed" testListId="8c84fa94-04c1-424b-9868-57a2d4851a1d" relativeResultsDirectory="12e0420c-f0ae-4861-b8ab-aff6c52ac7e2">
      <Output>
        <ErrorInfo>
          <Message>Test method Manifiesto.Web.Tests.Maritimo.TraficoControllerTest.Create_Return_WithData threw exception: 
Moq.MockVerificationException: The following setups were not matched:
ICuscarMaritimoServices f =&gt; f.validate_size_of_name_commodities(35, "FCL")
</Message>
          <StackTrace>    en Moq.Mock.VerifyAll()
   en Manifiesto.Web.Tests.Maritimo.TraficoControllerTest.Create_Return_WithData() en C:\inetpub\wwwroot\ProyectosLV\Manifiesto.Web\Manifiesto.Web.Tests\Maritimo\TraficoControllerTest.cs:línea 96
</StackTrace>
        </ErrorInfo>
      </Output>
    </UnitTestResult>
  </Results>
</TestRun>