<?xml version="1.0" encoding="UTF-8"?>
<TestRun id="f84923ce-a22e-4ba9-97ed-8efd32a1e438" name="GT-ST-12@GT-IT-05 2015-07-22 14:34:54" runUser="GT-IT-05\GT-ST-12" xmlns="http://microsoft.com/schemas/VisualStudio/TeamTest/2010">
  <TestSettings name="Local" id="dab5cc4b-a662-4624-a19b-0adf81ea34e2">
    <Description>These are default test settings for a local test run.</Description>
    <Deployment enabled="false" runDeploymentRoot="GT-ST-12_GT-IT-05 2015-07-22 14_34_54">
      <DeploymentItem filename="C:\inetpub\wwwroot\ProyectosLV\Manifiesto.Web\packages\Microsoft.AspNet.Mvc.4.0.20710.0\lib\net40\System.Web.Mvc.dll" />
      <DeploymentItem filename="C:\inetpub\wwwroot\ProyectosLV\Manifiesto.Web\db_aereo.Entities\bin\Debug\db_aereo.Entities.dll" />
      <DeploymentItem filename="C:\inetpub\wwwroot\ProyectosLV\Manifiesto.Web\packages\Microsoft.Net.Http.2.0.20710.0\lib\net40\System.Net.Http.WebRequest.dll" />
      <DeploymentItem filename="C:\inetpub\wwwroot\ProyectosLV\Manifiesto.Web\packages\Microsoft.Net.Http.2.0.20710.0\lib\net40\System.Net.Http.dll" />
      <DeploymentItem filename="C:\inetpub\wwwroot\ProyectosLV\Manifiesto.Web\packages\Microsoft.AspNet.WebPages.2.0.20710.0\lib\net40\System.Web.Helpers.dll" />
      <DeploymentItem filename="C:\inetpub\wwwroot\ProyectosLV\Manifiesto.Web\packages\Newtonsoft.Json.4.5.6\lib\net40\Newtonsoft.Json.dll" />
      <DeploymentItem filename="C:\inetpub\wwwroot\ProyectosLV\Manifiesto.Web\packages\Microsoft.AspNet.WebApi.Client.4.0.20710.0\lib\net40\System.Net.Http.Formatting.dll" />
      <DeploymentItem filename="C:\inetpub\wwwroot\ProyectosLV\Manifiesto.Web\packages\Microsoft.AspNet.WebApi.Core.4.0.20710.0\lib\net40\System.Web.Http.dll" />
      <DeploymentItem filename="C:\inetpub\wwwroot\ProyectosLV\Manifiesto.Web\packages\Moq.4.2.1507.0118\lib\net40\Moq.dll" />
      <DeploymentItem filename="C:\inetpub\wwwroot\ProyectosLV\Manifiesto.Web\packages\Microsoft.AspNet.WebPages.2.0.20710.0\lib\net40\System.Web.WebPages.Deployment.dll" />
      <DeploymentItem filename="C:\inetpub\wwwroot\ProyectosLV\Manifiesto.Web\packages\Microsoft.Web.Infrastructure.1.0.0.0\lib\net40\Microsoft.Web.Infrastructure.dll" />
      <DeploymentItem filename="C:\inetpub\wwwroot\ProyectosLV\Manifiesto.Web\packages\Microsoft.AspNet.WebApi.WebHost.4.0.20710.0\lib\net40\System.Web.Http.WebHost.dll" />
      <DeploymentItem filename="C:\inetpub\wwwroot\ProyectosLV\Manifiesto.Web\packages\Microsoft.AspNet.WebPages.2.0.20710.0\lib\net40\System.Web.WebPages.Razor.dll" />
      <DeploymentItem filename="C:\inetpub\wwwroot\ProyectosLV\Manifiesto.Web\ventas_gt.Entities\bin\Debug\ventas_gt.Entities.dll" />
      <DeploymentItem filename="C:\inetpub\wwwroot\ProyectosLV\Manifiesto.Web\packages\Microsoft.AspNet.WebPages.2.0.20710.0\lib\net40\System.Web.WebPages.dll" />
      <DeploymentItem filename="C:\inetpub\wwwroot\ProyectosLV\Manifiesto.Web\packages\AutoMapper.3.2.1\lib\net40\AutoMapper.Net4.dll" />
      <DeploymentItem filename="C:\inetpub\wwwroot\ProyectosLV\Manifiesto.Web\Manifiesto.Web\bin\Manifiesto.Web.dll" />
      <DeploymentItem filename="C:\inetpub\wwwroot\ProyectosLV\Manifiesto.Web\packages\Microsoft.AspNet.Razor.2.0.20710.0\lib\net40\System.Web.Razor.dll" />
      <DeploymentItem filename="C:\inetpub\wwwroot\ProyectosLV\Manifiesto.Web\packages\AutoMapper.3.2.1\lib\net40\AutoMapper.dll" />
    </Deployment>
    <Execution>
      <TestTypeSpecific />
      <AgentRule name="Execution Agents">
      </AgentRule>
    </Execution>
  </TestSettings>
  <Times creation="2015-07-22T14:34:54.8319048-06:00" queuing="2015-07-22T14:34:55.7599579-06:00" start="2015-07-22T14:34:55.8209614-06:00" finish="2015-07-22T14:34:56.6100065-06:00" />
  <ResultSummary outcome="Failed">
    <Counters total="15" executed="15" passed="14" error="0" failed="1" timeout="0" aborted="0" inconclusive="0" passedButRunAborted="0" notRunnable="0" notExecuted="0" disconnected="0" warning="0" completed="0" inProgress="0" pending="0" />
  </ResultSummary>
  <TestDefinitions>
    <UnitTest name="Login_Post_InvalidUser" storage="c:\inetpub\wwwroot\proyectoslv\manifiesto.web\manifiesto.web.tests\bin\debug\manifiesto.web.tests.dll" id="9ff32c1d-748e-5536-d71f-7ff29fb29e81">
      <Execution id="0b8eeee5-598c-4db4-902e-3915566ccb6c" />
      <TestMethod codeBase="C:/inetpub/wwwroot/ProyectosLV/Manifiesto.Web/Manifiesto.Web.Tests/bin/Debug/Manifiesto.Web.Tests.DLL" adapterTypeName="Microsoft.VisualStudio.TestTools.TestTypes.Unit.UnitTestAdapter, Microsoft.VisualStudio.QualityTools.Tips.UnitTest.Adapter, Version=10.0.0.0, Culture=neutral, PublicKeyToken=b03f5f7f11d50a3a" className="Manifiesto.Web.Tests.Controllers.AccountControllerTest, Manifiesto.Web.Tests, Version=1.0.0.0, Culture=neutral, PublicKeyToken=null" name="Login_Post_InvalidUser" />
    </UnitTest>
    <UnitTest name="Index_Return_WithData" storage="c:\inetpub\wwwroot\proyectoslv\manifiesto.web\manifiesto.web.tests\bin\debug\manifiesto.web.tests.dll" id="580c43ce-5ece-8590-bf09-da59bbe29037">
      <Execution id="02fdf4b0-6b08-4bc9-87b3-46a0abd7ae91" />
      <TestMethod codeBase="C:/inetpub/wwwroot/ProyectosLV/Manifiesto.Web/Manifiesto.Web.Tests/bin/Debug/Manifiesto.Web.Tests.DLL" adapterTypeName="Microsoft.VisualStudio.TestTools.TestTypes.Unit.UnitTestAdapter, Microsoft.VisualStudio.QualityTools.Tips.UnitTest.Adapter, Version=10.0.0.0, Culture=neutral, PublicKeyToken=b03f5f7f11d50a3a" className="Manifiesto.Web.Tests.Maritimo.TraficoControllerTest, Manifiesto.Web.Tests, Version=1.0.0.0, Culture=neutral, PublicKeyToken=null" name="Index_Return_WithData" />
    </UnitTest>
    <UnitTest name="Create_Return_WithData" storage="c:\inetpub\wwwroot\proyectoslv\manifiesto.web\manifiesto.web.tests\bin\debug\manifiesto.web.tests.dll" id="f2863c67-4f0a-4aa9-7a1c-c78f7666e71c">
      <Execution id="bdc4956b-37bc-4ac1-b0c6-39186052d8d9" />
      <TestMethod codeBase="C:/inetpub/wwwroot/ProyectosLV/Manifiesto.Web/Manifiesto.Web.Tests/bin/Debug/Manifiesto.Web.Tests.DLL" adapterTypeName="Microsoft.VisualStudio.TestTools.TestTypes.Unit.UnitTestAdapter, Microsoft.VisualStudio.QualityTools.Tips.UnitTest.Adapter, Version=10.0.0.0, Culture=neutral, PublicKeyToken=b03f5f7f11d50a3a" className="Manifiesto.Web.Tests.Maritimo.TraficoControllerTest, Manifiesto.Web.Tests, Version=1.0.0.0, Culture=neutral, PublicKeyToken=null" name="Create_Return_WithData" />
    </UnitTest>
    <UnitTest name="Index_Return_NotNull" storage="c:\inetpub\wwwroot\proyectoslv\manifiesto.web\manifiesto.web.tests\bin\debug\manifiesto.web.tests.dll" id="b046c936-faa9-abb3-379e-44eedefa2f29">
      <Execution id="7a341eb6-cda5-4bfe-97e1-431050d5c173" />
      <TestMethod codeBase="C:/inetpub/wwwroot/ProyectosLV/Manifiesto.Web/Manifiesto.Web.Tests/bin/Debug/Manifiesto.Web.Tests.DLL" adapterTypeName="Microsoft.VisualStudio.TestTools.TestTypes.Unit.UnitTestAdapter, Microsoft.VisualStudio.QualityTools.Tips.UnitTest.Adapter, Version=10.0.0.0, Culture=neutral, PublicKeyToken=b03f5f7f11d50a3a" className="Manifiesto.Web.Tests.Maritimo.ManifestControllerTest, Manifiesto.Web.Tests, Version=1.0.0.0, Culture=neutral, PublicKeyToken=null" name="Index_Return_NotNull" />
    </UnitTest>
    <UnitTest name="Create_Return_View" storage="c:\inetpub\wwwroot\proyectoslv\manifiesto.web\manifiesto.web.tests\bin\debug\manifiesto.web.tests.dll" id="594525dc-3ee5-db5e-4a9f-8b1683282581">
      <Execution id="b110542e-5445-4572-90b9-29a357f9c41b" />
      <TestMethod codeBase="C:/inetpub/wwwroot/ProyectosLV/Manifiesto.Web/Manifiesto.Web.Tests/bin/Debug/Manifiesto.Web.Tests.DLL" adapterTypeName="Microsoft.VisualStudio.TestTools.TestTypes.Unit.UnitTestAdapter, Microsoft.VisualStudio.QualityTools.Tips.UnitTest.Adapter, Version=10.0.0.0, Culture=neutral, PublicKeyToken=b03f5f7f11d50a3a" className="Manifiesto.Web.Tests.Maritimo.TraficoControllerTest, Manifiesto.Web.Tests, Version=1.0.0.0, Culture=neutral, PublicKeyToken=null" name="Create_Return_View" />
    </UnitTest>
    <UnitTest name="Create_Voyage_Return_NotNull" storage="c:\inetpub\wwwroot\proyectoslv\manifiesto.web\manifiesto.web.tests\bin\debug\manifiesto.web.tests.dll" id="d7c67ffe-d6a0-e0bb-d782-a0e1cf47fc10">
      <Execution id="b9ab7b74-fd93-4872-b612-442f3415325a" />
      <TestMethod codeBase="C:/inetpub/wwwroot/ProyectosLV/Manifiesto.Web/Manifiesto.Web.Tests/bin/Debug/Manifiesto.Web.Tests.DLL" adapterTypeName="Microsoft.VisualStudio.TestTools.TestTypes.Unit.UnitTestAdapter, Microsoft.VisualStudio.QualityTools.Tips.UnitTest.Adapter, Version=10.0.0.0, Culture=neutral, PublicKeyToken=b03f5f7f11d50a3a" className="Manifiesto.Web.Tests.Aereo.ManifestControllerTest, Manifiesto.Web.Tests, Version=1.0.0.0, Culture=neutral, PublicKeyToken=null" name="Create_Voyage_Return_NotNull" />
    </UnitTest>
    <UnitTest name="Index_Return_NotNull" storage="c:\inetpub\wwwroot\proyectoslv\manifiesto.web\manifiesto.web.tests\bin\debug\manifiesto.web.tests.dll" id="859782cc-4c7f-74ea-cd29-83a633891ab5">
      <Execution id="fa0ec8fd-0de4-42bb-be7a-38b97a2dc443" />
      <TestMethod codeBase="C:/inetpub/wwwroot/ProyectosLV/Manifiesto.Web/Manifiesto.Web.Tests/bin/Debug/Manifiesto.Web.Tests.DLL" adapterTypeName="Microsoft.VisualStudio.TestTools.TestTypes.Unit.UnitTestAdapter, Microsoft.VisualStudio.QualityTools.Tips.UnitTest.Adapter, Version=10.0.0.0, Culture=neutral, PublicKeyToken=b03f5f7f11d50a3a" className="Manifiesto.Web.Tests.Aereo.ExportControllerTest, Manifiesto.Web.Tests, Version=1.0.0.0, Culture=neutral, PublicKeyToken=null" name="Index_Return_NotNull" />
    </UnitTest>
    <UnitTest name="Index_Return_NotNull" storage="c:\inetpub\wwwroot\proyectoslv\manifiesto.web\manifiesto.web.tests\bin\debug\manifiesto.web.tests.dll" id="6fc850a3-de3f-2da2-e36c-a81395bd8165">
      <Execution id="825f7c57-6671-49af-a821-172b20fce477" />
      <TestMethod codeBase="C:/inetpub/wwwroot/ProyectosLV/Manifiesto.Web/Manifiesto.Web.Tests/bin/Debug/Manifiesto.Web.Tests.DLL" adapterTypeName="Microsoft.VisualStudio.TestTools.TestTypes.Unit.UnitTestAdapter, Microsoft.VisualStudio.QualityTools.Tips.UnitTest.Adapter, Version=10.0.0.0, Culture=neutral, PublicKeyToken=b03f5f7f11d50a3a" className="Manifiesto.Web.Tests.Maritimo.TraficoControllerTest, Manifiesto.Web.Tests, Version=1.0.0.0, Culture=neutral, PublicKeyToken=null" name="Index_Return_NotNull" />
    </UnitTest>
    <UnitTest name="Login_Return_NotNull" storage="c:\inetpub\wwwroot\proyectoslv\manifiesto.web\manifiesto.web.tests\bin\debug\manifiesto.web.tests.dll" id="7acf22b7-2b6a-79e5-ef78-7b7f6634f77f">
      <Execution id="22bcd09a-60da-4264-bfb9-0511533bccab" />
      <TestMethod codeBase="C:/inetpub/wwwroot/ProyectosLV/Manifiesto.Web/Manifiesto.Web.Tests/bin/Debug/Manifiesto.Web.Tests.DLL" adapterTypeName="Microsoft.VisualStudio.TestTools.TestTypes.Unit.UnitTestAdapter, Microsoft.VisualStudio.QualityTools.Tips.UnitTest.Adapter, Version=10.0.0.0, Culture=neutral, PublicKeyToken=b03f5f7f11d50a3a" className="Manifiesto.Web.Tests.Controllers.AccountControllerTest, Manifiesto.Web.Tests, Version=1.0.0.0, Culture=neutral, PublicKeyToken=null" name="Login_Return_NotNull" />
    </UnitTest>
    <UnitTest name="finGuia_Return_NotNull" storage="c:\inetpub\wwwroot\proyectoslv\manifiesto.web\manifiesto.web.tests\bin\debug\manifiesto.web.tests.dll" id="80e1f92b-baf3-7ac4-b7ca-e9cbf5bb42a3">
      <Execution id="74be895b-5137-4784-b218-07931693f1da" />
      <TestMethod codeBase="C:/inetpub/wwwroot/ProyectosLV/Manifiesto.Web/Manifiesto.Web.Tests/bin/Debug/Manifiesto.Web.Tests.DLL" adapterTypeName="Microsoft.VisualStudio.TestTools.TestTypes.Unit.UnitTestAdapter, Microsoft.VisualStudio.QualityTools.Tips.UnitTest.Adapter, Version=10.0.0.0, Culture=neutral, PublicKeyToken=b03f5f7f11d50a3a" className="Manifiesto.Web.Tests.Aereo.ManifestControllerTest, Manifiesto.Web.Tests, Version=1.0.0.0, Culture=neutral, PublicKeyToken=null" name="finGuia_Return_NotNull" />
    </UnitTest>
    <UnitTest name="Index_Return_NotNull" storage="c:\inetpub\wwwroot\proyectoslv\manifiesto.web\manifiesto.web.tests\bin\debug\manifiesto.web.tests.dll" id="15568ee3-e003-e275-ae46-1e423acfa098">
      <Execution id="e2b81cce-29e6-48c5-8ce4-ccba1251bc3f" />
      <TestMethod codeBase="C:/inetpub/wwwroot/ProyectosLV/Manifiesto.Web/Manifiesto.Web.Tests/bin/Debug/Manifiesto.Web.Tests.DLL" adapterTypeName="Microsoft.VisualStudio.TestTools.TestTypes.Unit.UnitTestAdapter, Microsoft.VisualStudio.QualityTools.Tips.UnitTest.Adapter, Version=10.0.0.0, Culture=neutral, PublicKeyToken=b03f5f7f11d50a3a" className="Manifiesto.Web.Tests.Aereo.ImportControllerTest, Manifiesto.Web.Tests, Version=1.0.0.0, Culture=neutral, PublicKeyToken=null" name="Index_Return_NotNull" />
    </UnitTest>
    <UnitTest name="LogOff_Return_NotNull" storage="c:\inetpub\wwwroot\proyectoslv\manifiesto.web\manifiesto.web.tests\bin\debug\manifiesto.web.tests.dll" id="48df8f7f-84dc-8856-abfc-e2193f504ae6">
      <Execution id="4381c510-4f50-48bf-bcb9-687b4d996fd7" />
      <TestMethod codeBase="C:/inetpub/wwwroot/ProyectosLV/Manifiesto.Web/Manifiesto.Web.Tests/bin/Debug/Manifiesto.Web.Tests.DLL" adapterTypeName="Microsoft.VisualStudio.TestTools.TestTypes.Unit.UnitTestAdapter, Microsoft.VisualStudio.QualityTools.Tips.UnitTest.Adapter, Version=10.0.0.0, Culture=neutral, PublicKeyToken=b03f5f7f11d50a3a" className="Manifiesto.Web.Tests.Controllers.AccountControllerTest, Manifiesto.Web.Tests, Version=1.0.0.0, Culture=neutral, PublicKeyToken=null" name="LogOff_Return_NotNull" />
    </UnitTest>
    <UnitTest name="Login_Post_Return_NotNull" storage="c:\inetpub\wwwroot\proyectoslv\manifiesto.web\manifiesto.web.tests\bin\debug\manifiesto.web.tests.dll" id="c14d9c41-032c-5ed7-54d3-3fafc2192b17">
      <Execution id="96bb3d72-2b59-4d14-9967-20bbdc29d29d" />
      <TestMethod codeBase="C:/inetpub/wwwroot/ProyectosLV/Manifiesto.Web/Manifiesto.Web.Tests/bin/Debug/Manifiesto.Web.Tests.DLL" adapterTypeName="Microsoft.VisualStudio.TestTools.TestTypes.Unit.UnitTestAdapter, Microsoft.VisualStudio.QualityTools.Tips.UnitTest.Adapter, Version=10.0.0.0, Culture=neutral, PublicKeyToken=b03f5f7f11d50a3a" className="Manifiesto.Web.Tests.Controllers.AccountControllerTest, Manifiesto.Web.Tests, Version=1.0.0.0, Culture=neutral, PublicKeyToken=null" name="Login_Post_Return_NotNull" />
    </UnitTest>
    <UnitTest name="Index_Return_NotNull" storage="c:\inetpub\wwwroot\proyectoslv\manifiesto.web\manifiesto.web.tests\bin\debug\manifiesto.web.tests.dll" id="0be65871-ac44-91e8-eff5-5f8dffae63c4">
      <Execution id="2c61bcf2-9fb7-4a7d-9b9c-fdbd05f855e8" />
      <TestMethod codeBase="C:/inetpub/wwwroot/ProyectosLV/Manifiesto.Web/Manifiesto.Web.Tests/bin/Debug/Manifiesto.Web.Tests.DLL" adapterTypeName="Microsoft.VisualStudio.TestTools.TestTypes.Unit.UnitTestAdapter, Microsoft.VisualStudio.QualityTools.Tips.UnitTest.Adapter, Version=10.0.0.0, Culture=neutral, PublicKeyToken=b03f5f7f11d50a3a" className="Manifiesto.Web.Tests.Aereo.ManifestControllerTest, Manifiesto.Web.Tests, Version=1.0.0.0, Culture=neutral, PublicKeyToken=null" name="Index_Return_NotNull" />
    </UnitTest>
    <UnitTest name="Login_Post_Return_InvalidModel" storage="c:\inetpub\wwwroot\proyectoslv\manifiesto.web\manifiesto.web.tests\bin\debug\manifiesto.web.tests.dll" id="c79ee40d-bcef-14c1-44f8-1fc1d9c2b8d9">
      <Execution id="1d1352d3-787f-48fa-8616-03682d24d6d4" />
      <TestMethod codeBase="C:/inetpub/wwwroot/ProyectosLV/Manifiesto.Web/Manifiesto.Web.Tests/bin/Debug/Manifiesto.Web.Tests.DLL" adapterTypeName="Microsoft.VisualStudio.TestTools.TestTypes.Unit.UnitTestAdapter, Microsoft.VisualStudio.QualityTools.Tips.UnitTest.Adapter, Version=10.0.0.0, Culture=neutral, PublicKeyToken=b03f5f7f11d50a3a" className="Manifiesto.Web.Tests.Controllers.AccountControllerTest, Manifiesto.Web.Tests, Version=1.0.0.0, Culture=neutral, PublicKeyToken=null" name="Login_Post_Return_InvalidModel" />
    </UnitTest>
  </TestDefinitions>
  <TestLists>
    <TestList name="Results Not in a List" id="8c84fa94-04c1-424b-9868-57a2d4851a1d" />
    <TestList name="All Loaded Results" id="19431567-8539-422a-85d7-44ee4e166bda" />
  </TestLists>
  <TestEntries>
    <TestEntry testId="0be65871-ac44-91e8-eff5-5f8dffae63c4" executionId="2c61bcf2-9fb7-4a7d-9b9c-fdbd05f855e8" testListId="8c84fa94-04c1-424b-9868-57a2d4851a1d" />
    <TestEntry testId="15568ee3-e003-e275-ae46-1e423acfa098" executionId="e2b81cce-29e6-48c5-8ce4-ccba1251bc3f" testListId="8c84fa94-04c1-424b-9868-57a2d4851a1d" />
    <TestEntry testId="48df8f7f-84dc-8856-abfc-e2193f504ae6" executionId="4381c510-4f50-48bf-bcb9-687b4d996fd7" testListId="8c84fa94-04c1-424b-9868-57a2d4851a1d" />
    <TestEntry testId="580c43ce-5ece-8590-bf09-da59bbe29037" executionId="02fdf4b0-6b08-4bc9-87b3-46a0abd7ae91" testListId="8c84fa94-04c1-424b-9868-57a2d4851a1d" />
    <TestEntry testId="594525dc-3ee5-db5e-4a9f-8b1683282581" executionId="b110542e-5445-4572-90b9-29a357f9c41b" testListId="8c84fa94-04c1-424b-9868-57a2d4851a1d" />
    <TestEntry testId="6fc850a3-de3f-2da2-e36c-a81395bd8165" executionId="825f7c57-6671-49af-a821-172b20fce477" testListId="8c84fa94-04c1-424b-9868-57a2d4851a1d" />
    <TestEntry testId="7acf22b7-2b6a-79e5-ef78-7b7f6634f77f" executionId="22bcd09a-60da-4264-bfb9-0511533bccab" testListId="8c84fa94-04c1-424b-9868-57a2d4851a1d" />
    <TestEntry testId="80e1f92b-baf3-7ac4-b7ca-e9cbf5bb42a3" executionId="74be895b-5137-4784-b218-07931693f1da" testListId="8c84fa94-04c1-424b-9868-57a2d4851a1d" />
    <TestEntry testId="859782cc-4c7f-74ea-cd29-83a633891ab5" executionId="fa0ec8fd-0de4-42bb-be7a-38b97a2dc443" testListId="8c84fa94-04c1-424b-9868-57a2d4851a1d" />
    <TestEntry testId="9ff32c1d-748e-5536-d71f-7ff29fb29e81" executionId="0b8eeee5-598c-4db4-902e-3915566ccb6c" testListId="8c84fa94-04c1-424b-9868-57a2d4851a1d" />
    <TestEntry testId="b046c936-faa9-abb3-379e-44eedefa2f29" executionId="7a341eb6-cda5-4bfe-97e1-431050d5c173" testListId="8c84fa94-04c1-424b-9868-57a2d4851a1d" />
    <TestEntry testId="c14d9c41-032c-5ed7-54d3-3fafc2192b17" executionId="96bb3d72-2b59-4d14-9967-20bbdc29d29d" testListId="8c84fa94-04c1-424b-9868-57a2d4851a1d" />
    <TestEntry testId="c79ee40d-bcef-14c1-44f8-1fc1d9c2b8d9" executionId="1d1352d3-787f-48fa-8616-03682d24d6d4" testListId="8c84fa94-04c1-424b-9868-57a2d4851a1d" />
    <TestEntry testId="d7c67ffe-d6a0-e0bb-d782-a0e1cf47fc10" executionId="b9ab7b74-fd93-4872-b612-442f3415325a" testListId="8c84fa94-04c1-424b-9868-57a2d4851a1d" />
    <TestEntry testId="f2863c67-4f0a-4aa9-7a1c-c78f7666e71c" executionId="bdc4956b-37bc-4ac1-b0c6-39186052d8d9" testListId="8c84fa94-04c1-424b-9868-57a2d4851a1d" />
  </TestEntries>
  <Results>
    <UnitTestResult executionId="2c61bcf2-9fb7-4a7d-9b9c-fdbd05f855e8" testId="0be65871-ac44-91e8-eff5-5f8dffae63c4" testName="Index_Return_NotNull" computerName="GT-IT-05" duration="00:00:00.2254234" startTime="2015-07-22T14:34:55.8269617-06:00" endTime="2015-07-22T14:34:56.1999830-06:00" testType="13cdc9d9-ddb5-4fa4-a97d-d965ccfc6d4b" outcome="Passed" testListId="8c84fa94-04c1-424b-9868-57a2d4851a1d" relativeResultsDirectory="2c61bcf2-9fb7-4a7d-9b9c-fdbd05f855e8">
    </UnitTestResult>
    <UnitTestResult executionId="e2b81cce-29e6-48c5-8ce4-ccba1251bc3f" testId="15568ee3-e003-e275-ae46-1e423acfa098" testName="Index_Return_NotNull" computerName="GT-IT-05" duration="00:00:00.0408556" startTime="2015-07-22T14:34:56.2009831-06:00" endTime="2015-07-22T14:34:56.2439856-06:00" testType="13cdc9d9-ddb5-4fa4-a97d-d965ccfc6d4b" outcome="Passed" testListId="8c84fa94-04c1-424b-9868-57a2d4851a1d" relativeResultsDirectory="e2b81cce-29e6-48c5-8ce4-ccba1251bc3f">
    </UnitTestResult>
    <UnitTestResult executionId="4381c510-4f50-48bf-bcb9-687b4d996fd7" testId="48df8f7f-84dc-8856-abfc-e2193f504ae6" testName="LogOff_Return_NotNull" computerName="GT-IT-05" duration="00:00:00.0563403" startTime="2015-07-22T14:34:56.2469857-06:00" endTime="2015-07-22T14:34:56.3059891-06:00" testType="13cdc9d9-ddb5-4fa4-a97d-d965ccfc6d4b" outcome="Passed" testListId="8c84fa94-04c1-424b-9868-57a2d4851a1d" relativeResultsDirectory="4381c510-4f50-48bf-bcb9-687b4d996fd7">
    </UnitTestResult>
    <UnitTestResult executionId="02fdf4b0-6b08-4bc9-87b3-46a0abd7ae91" testId="580c43ce-5ece-8590-bf09-da59bbe29037" testName="Index_Return_WithData" computerName="GT-IT-05" duration="00:00:00.0075684" startTime="2015-07-22T14:34:56.3079892-06:00" endTime="2015-07-22T14:34:56.3169897-06:00" testType="13cdc9d9-ddb5-4fa4-a97d-d965ccfc6d4b" outcome="Passed" testListId="8c84fa94-04c1-424b-9868-57a2d4851a1d" relativeResultsDirectory="02fdf4b0-6b08-4bc9-87b3-46a0abd7ae91">
    </UnitTestResult>
    <UnitTestResult executionId="b110542e-5445-4572-90b9-29a357f9c41b" testId="594525dc-3ee5-db5e-4a9f-8b1683282581" testName="Create_Return_View" computerName="GT-IT-05" duration="00:00:00.0009448" startTime="2015-07-22T14:34:56.3179898-06:00" endTime="2015-07-22T14:34:56.3209900-06:00" testType="13cdc9d9-ddb5-4fa4-a97d-d965ccfc6d4b" outcome="Passed" testListId="8c84fa94-04c1-424b-9868-57a2d4851a1d" relativeResultsDirectory="b110542e-5445-4572-90b9-29a357f9c41b">
    </UnitTestResult>
    <UnitTestResult executionId="825f7c57-6671-49af-a821-172b20fce477" testId="6fc850a3-de3f-2da2-e36c-a81395bd8165" testName="Index_Return_NotNull" computerName="GT-IT-05" duration="00:00:00.0009547" startTime="2015-07-22T14:34:56.3209900-06:00" endTime="2015-07-22T14:34:56.3239901-06:00" testType="13cdc9d9-ddb5-4fa4-a97d-d965ccfc6d4b" outcome="Passed" testListId="8c84fa94-04c1-424b-9868-57a2d4851a1d" relativeResultsDirectory="825f7c57-6671-49af-a821-172b20fce477">
    </UnitTestResult>
    <UnitTestResult executionId="22bcd09a-60da-4264-bfb9-0511533bccab" testId="7acf22b7-2b6a-79e5-ef78-7b7f6634f77f" testName="Login_Return_NotNull" computerName="GT-IT-05" duration="00:00:00.0091374" startTime="2015-07-22T14:34:56.3249902-06:00" endTime="2015-07-22T14:34:56.3359908-06:00" testType="13cdc9d9-ddb5-4fa4-a97d-d965ccfc6d4b" outcome="Passed" testListId="8c84fa94-04c1-424b-9868-57a2d4851a1d" relativeResultsDirectory="22bcd09a-60da-4264-bfb9-0511533bccab">
    </UnitTestResult>
    <UnitTestResult executionId="74be895b-5137-4784-b218-07931693f1da" testId="80e1f92b-baf3-7ac4-b7ca-e9cbf5bb42a3" testName="finGuia_Return_NotNull" computerName="GT-IT-05" duration="00:00:00.0124582" startTime="2015-07-22T14:34:56.3369909-06:00" endTime="2015-07-22T14:34:56.3509917-06:00" testType="13cdc9d9-ddb5-4fa4-a97d-d965ccfc6d4b" outcome="Passed" testListId="8c84fa94-04c1-424b-9868-57a2d4851a1d" relativeResultsDirectory="74be895b-5137-4784-b218-07931693f1da">
    </UnitTestResult>
    <UnitTestResult executionId="fa0ec8fd-0de4-42bb-be7a-38b97a2dc443" testId="859782cc-4c7f-74ea-cd29-83a633891ab5" testName="Index_Return_NotNull" computerName="GT-IT-05" duration="00:00:00.0015744" startTime="2015-07-22T14:34:56.3519917-06:00" endTime="2015-07-22T14:34:56.3549919-06:00" testType="13cdc9d9-ddb5-4fa4-a97d-d965ccfc6d4b" outcome="Passed" testListId="8c84fa94-04c1-424b-9868-57a2d4851a1d" relativeResultsDirectory="fa0ec8fd-0de4-42bb-be7a-38b97a2dc443">
    </UnitTestResult>
    <UnitTestResult executionId="0b8eeee5-598c-4db4-902e-3915566ccb6c" testId="9ff32c1d-748e-5536-d71f-7ff29fb29e81" testName="Login_Post_InvalidUser" computerName="GT-IT-05" duration="00:00:00.0018733" startTime="2015-07-22T14:34:56.3559920-06:00" endTime="2015-07-22T14:34:56.3599922-06:00" testType="13cdc9d9-ddb5-4fa4-a97d-d965ccfc6d4b" outcome="Passed" testListId="8c84fa94-04c1-424b-9868-57a2d4851a1d" relativeResultsDirectory="0b8eeee5-598c-4db4-902e-3915566ccb6c">
    </UnitTestResult>
    <UnitTestResult executionId="7a341eb6-cda5-4bfe-97e1-431050d5c173" testId="b046c936-faa9-abb3-379e-44eedefa2f29" testName="Index_Return_NotNull" computerName="GT-IT-05" duration="00:00:00.0003338" startTime="2015-07-22T14:34:56.3609922-06:00" endTime="2015-07-22T14:34:56.3629924-06:00" testType="13cdc9d9-ddb5-4fa4-a97d-d965ccfc6d4b" outcome="Passed" testListId="8c84fa94-04c1-424b-9868-57a2d4851a1d" relativeResultsDirectory="7a341eb6-cda5-4bfe-97e1-431050d5c173">
    </UnitTestResult>
    <UnitTestResult executionId="96bb3d72-2b59-4d14-9967-20bbdc29d29d" testId="c14d9c41-032c-5ed7-54d3-3fafc2192b17" testName="Login_Post_Return_NotNull" computerName="GT-IT-05" duration="00:00:00.1328060" startTime="2015-07-22T14:34:56.3639924-06:00" endTime="2015-07-22T14:34:56.4980001-06:00" testType="13cdc9d9-ddb5-4fa4-a97d-d965ccfc6d4b" outcome="Passed" testListId="8c84fa94-04c1-424b-9868-57a2d4851a1d" relativeResultsDirectory="96bb3d72-2b59-4d14-9967-20bbdc29d29d">
    </UnitTestResult>
    <UnitTestResult executionId="1d1352d3-787f-48fa-8616-03682d24d6d4" testId="c79ee40d-bcef-14c1-44f8-1fc1d9c2b8d9" testName="Login_Post_Return_InvalidModel" computerName="GT-IT-05" duration="00:00:00.0002955" startTime="2015-07-22T14:34:56.4990001-06:00" endTime="2015-07-22T14:34:56.5010003-06:00" testType="13cdc9d9-ddb5-4fa4-a97d-d965ccfc6d4b" outcome="Passed" testListId="8c84fa94-04c1-424b-9868-57a2d4851a1d" relativeResultsDirectory="1d1352d3-787f-48fa-8616-03682d24d6d4">
    </UnitTestResult>
    <UnitTestResult executionId="b9ab7b74-fd93-4872-b612-442f3415325a" testId="d7c67ffe-d6a0-e0bb-d782-a0e1cf47fc10" testName="Create_Voyage_Return_NotNull" computerName="GT-IT-05" duration="00:00:00.0041263" startTime="2015-07-22T14:34:56.5020003-06:00" endTime="2015-07-22T14:34:56.5080007-06:00" testType="13cdc9d9-ddb5-4fa4-a97d-d965ccfc6d4b" outcome="Passed" testListId="8c84fa94-04c1-424b-9868-57a2d4851a1d" relativeResultsDirectory="b9ab7b74-fd93-4872-b612-442f3415325a">
    </UnitTestResult>
    <UnitTestResult executionId="bdc4956b-37bc-4ac1-b0c6-39186052d8d9" testId="f2863c67-4f0a-4aa9-7a1c-c78f7666e71c" testName="Create_Return_WithData" computerName="GT-IT-05" duration="00:00:00.0401719" startTime="2015-07-22T14:34:56.5090007-06:00" endTime="2015-07-22T14:34:56.5510031-06:00" testType="13cdc9d9-ddb5-4fa4-a97d-d965ccfc6d4b" outcome="Failed" testListId="8c84fa94-04c1-424b-9868-57a2d4851a1d" relativeResultsDirectory="bdc4956b-37bc-4ac1-b0c6-39186052d8d9">
      <Output>
        <ErrorInfo>
          <Message>Test method Manifiesto.Web.Tests.Maritimo.TraficoControllerTest.Create_Return_WithData threw exception: 
Moq.MockVerificationException: The following setups were not matched:
ICuscarMaritimoServices f =&gt; f.validate_size_of_name_commodities(35, "FCL")
</Message>
          <StackTrace>    en Moq.Mock.VerifyAll()
   en Manifiesto.Web.Tests.Maritimo.TraficoControllerTest.Create_Return_WithData() en C:\inetpub\wwwroot\ProyectosLV\Manifiesto.Web\Manifiesto.Web.Tests\Maritimo\TraficoControllerTest.cs:línea 96
</StackTrace>
        </ErrorInfo>
      </Output>
    </UnitTestResult>
  </Results>
</TestRun>