<?xml version="1.0" encoding="UTF-8"?>
<TestRun id="672d2b39-1239-4007-b059-7299e1f29ea5" name="GT-ST-12@GT-IT-05 2015-07-10 17:04:56" runUser="GT-IT-05\GT-ST-12" xmlns="http://microsoft.com/schemas/VisualStudio/TeamTest/2010">
  <TestSettings name="Local" id="dab5cc4b-a662-4624-a19b-0adf81ea34e2">
    <Description>These are default test settings for a local test run.</Description>
    <Deployment enabled="false" runDeploymentRoot="GT-ST-12_GT-IT-05 2015-07-10 17_04_56">
      <DeploymentItem filename="C:\inetpub\wwwroot\ProyectosLV\Manifiesto.Web\packages\Microsoft.AspNet.Mvc.4.0.20710.0\lib\net40\System.Web.Mvc.dll" />
      <DeploymentItem filename="C:\inetpub\wwwroot\ProyectosLV\Manifiesto.Web\db_aereo.Entities\bin\Debug\db_aereo.Entities.dll" />
      <DeploymentItem filename="C:\inetpub\wwwroot\ProyectosLV\Manifiesto.Web\packages\Microsoft.Net.Http.2.0.20710.0\lib\net40\System.Net.Http.WebRequest.dll" />
      <DeploymentItem filename="C:\inetpub\wwwroot\ProyectosLV\Manifiesto.Web\packages\Microsoft.Net.Http.2.0.20710.0\lib\net40\System.Net.Http.dll" />
      <DeploymentItem filename="C:\inetpub\wwwroot\ProyectosLV\Manifiesto.Web\packages\Microsoft.AspNet.WebPages.2.0.20710.0\lib\net40\System.Web.Helpers.dll" />
      <DeploymentItem filename="C:\inetpub\wwwroot\ProyectosLV\Manifiesto.Web\packages\Newtonsoft.Json.4.5.6\lib\net40\Newtonsoft.Json.dll" />
      <DeploymentItem filename="C:\inetpub\wwwroot\ProyectosLV\Manifiesto.Web\packages\Microsoft.AspNet.WebApi.Client.4.0.20710.0\lib\net40\System.Net.Http.Formatting.dll" />
      <DeploymentItem filename="C:\inetpub\wwwroot\ProyectosLV\Manifiesto.Web\packages\Microsoft.AspNet.WebApi.Core.4.0.20710.0\lib\net40\System.Web.Http.dll" />
      <DeploymentItem filename="C:\inetpub\wwwroot\ProyectosLV\Manifiesto.Web\packages\Moq.4.2.1507.0118\lib\net40\Moq.dll" />
      <DeploymentItem filename="C:\inetpub\wwwroot\ProyectosLV\Manifiesto.Web\packages\Microsoft.AspNet.WebPages.2.0.20710.0\lib\net40\System.Web.WebPages.Deployment.dll" />
      <DeploymentItem filename="C:\inetpub\wwwroot\ProyectosLV\Manifiesto.Web\packages\Microsoft.Web.Infrastructure.1.0.0.0\lib\net40\Microsoft.Web.Infrastructure.dll" />
      <DeploymentItem filename="C:\inetpub\wwwroot\ProyectosLV\Manifiesto.Web\packages\Microsoft.AspNet.WebApi.WebHost.4.0.20710.0\lib\net40\System.Web.Http.WebHost.dll" />
      <DeploymentItem filename="C:\inetpub\wwwroot\ProyectosLV\Manifiesto.Web\packages\Microsoft.AspNet.WebPages.2.0.20710.0\lib\net40\System.Web.WebPages.Razor.dll" />
      <DeploymentItem filename="C:\inetpub\wwwroot\ProyectosLV\Manifiesto.Web\ventas_gt.Entities\bin\Debug\ventas_gt.Entities.dll" />
      <DeploymentItem filename="C:\inetpub\wwwroot\ProyectosLV\Manifiesto.Web\packages\Microsoft.AspNet.WebPages.2.0.20710.0\lib\net40\System.Web.WebPages.dll" />
      <DeploymentItem filename="C:\inetpub\wwwroot\ProyectosLV\Manifiesto.Web\packages\AutoMapper.3.2.1\lib\net40\AutoMapper.Net4.dll" />
      <DeploymentItem filename="C:\inetpub\wwwroot\ProyectosLV\Manifiesto.Web\Manifiesto.Web\bin\Manifiesto.Web.dll" />
      <DeploymentItem filename="C:\inetpub\wwwroot\ProyectosLV\Manifiesto.Web\packages\Microsoft.AspNet.Razor.2.0.20710.0\lib\net40\System.Web.Razor.dll" />
      <DeploymentItem filename="C:\inetpub\wwwroot\ProyectosLV\Manifiesto.Web\packages\AutoMapper.3.2.1\lib\net40\AutoMapper.dll" />
    </Deployment>
    <Execution>
      <TestTypeSpecific />
      <AgentRule name="Execution Agents">
      </AgentRule>
    </Execution>
  </TestSettings>
  <Times creation="2015-07-10T17:04:56.5921899-06:00" queuing="2015-07-10T17:04:57.1092195-06:00" start="2015-07-10T17:04:57.1792235-06:00" finish="2015-07-10T17:04:57.8572623-06:00" />
  <ResultSummary outcome="Failed">
    <Counters total="15" executed="15" passed="14" error="0" failed="1" timeout="0" aborted="0" inconclusive="0" passedButRunAborted="0" notRunnable="0" notExecuted="0" disconnected="0" warning="0" completed="0" inProgress="0" pending="0" />
  </ResultSummary>
  <TestDefinitions>
    <UnitTest name="Login_Post_InvalidUser" storage="c:\inetpub\wwwroot\proyectoslv\manifiesto.web\manifiesto.web.tests\bin\debug\manifiesto.web.tests.dll" id="9ff32c1d-748e-5536-d71f-7ff29fb29e81">
      <Execution id="43fc5230-a8c5-4c88-b544-6a482cf40daf" />
      <TestMethod codeBase="C:/inetpub/wwwroot/ProyectosLV/Manifiesto.Web/Manifiesto.Web.Tests/bin/Debug/Manifiesto.Web.Tests.DLL" adapterTypeName="Microsoft.VisualStudio.TestTools.TestTypes.Unit.UnitTestAdapter, Microsoft.VisualStudio.QualityTools.Tips.UnitTest.Adapter, Version=10.0.0.0, Culture=neutral, PublicKeyToken=b03f5f7f11d50a3a" className="Manifiesto.Web.Tests.Controllers.AccountControllerTest, Manifiesto.Web.Tests, Version=1.0.0.0, Culture=neutral, PublicKeyToken=null" name="Login_Post_InvalidUser" />
    </UnitTest>
    <UnitTest name="Index_Return_WithData" storage="c:\inetpub\wwwroot\proyectoslv\manifiesto.web\manifiesto.web.tests\bin\debug\manifiesto.web.tests.dll" id="580c43ce-5ece-8590-bf09-da59bbe29037">
      <Execution id="56e537c1-37bd-4fed-8544-9b86212dff5a" />
      <TestMethod codeBase="C:/inetpub/wwwroot/ProyectosLV/Manifiesto.Web/Manifiesto.Web.Tests/bin/Debug/Manifiesto.Web.Tests.DLL" adapterTypeName="Microsoft.VisualStudio.TestTools.TestTypes.Unit.UnitTestAdapter, Microsoft.VisualStudio.QualityTools.Tips.UnitTest.Adapter, Version=10.0.0.0, Culture=neutral, PublicKeyToken=b03f5f7f11d50a3a" className="Manifiesto.Web.Tests.Maritimo.TraficoControllerTest, Manifiesto.Web.Tests, Version=1.0.0.0, Culture=neutral, PublicKeyToken=null" name="Index_Return_WithData" />
    </UnitTest>
    <UnitTest name="Create_Return_WithData" storage="c:\inetpub\wwwroot\proyectoslv\manifiesto.web\manifiesto.web.tests\bin\debug\manifiesto.web.tests.dll" id="f2863c67-4f0a-4aa9-7a1c-c78f7666e71c">
      <Execution id="6382a2f1-d885-4767-8c43-a87a8c5ba5e7" />
      <TestMethod codeBase="C:/inetpub/wwwroot/ProyectosLV/Manifiesto.Web/Manifiesto.Web.Tests/bin/Debug/Manifiesto.Web.Tests.DLL" adapterTypeName="Microsoft.VisualStudio.TestTools.TestTypes.Unit.UnitTestAdapter, Microsoft.VisualStudio.QualityTools.Tips.UnitTest.Adapter, Version=10.0.0.0, Culture=neutral, PublicKeyToken=b03f5f7f11d50a3a" className="Manifiesto.Web.Tests.Maritimo.TraficoControllerTest, Manifiesto.Web.Tests, Version=1.0.0.0, Culture=neutral, PublicKeyToken=null" name="Create_Return_WithData" />
    </UnitTest>
    <UnitTest name="Index_Return_NotNull" storage="c:\inetpub\wwwroot\proyectoslv\manifiesto.web\manifiesto.web.tests\bin\debug\manifiesto.web.tests.dll" id="b046c936-faa9-abb3-379e-44eedefa2f29">
      <Execution id="d3b807e6-b09d-436c-a250-6b42bba8ec68" />
      <TestMethod codeBase="C:/inetpub/wwwroot/ProyectosLV/Manifiesto.Web/Manifiesto.Web.Tests/bin/Debug/Manifiesto.Web.Tests.DLL" adapterTypeName="Microsoft.VisualStudio.TestTools.TestTypes.Unit.UnitTestAdapter, Microsoft.VisualStudio.QualityTools.Tips.UnitTest.Adapter, Version=10.0.0.0, Culture=neutral, PublicKeyToken=b03f5f7f11d50a3a" className="Manifiesto.Web.Tests.Maritimo.ManifestControllerTest, Manifiesto.Web.Tests, Version=1.0.0.0, Culture=neutral, PublicKeyToken=null" name="Index_Return_NotNull" />
    </UnitTest>
    <UnitTest name="Create_Return_View" storage="c:\inetpub\wwwroot\proyectoslv\manifiesto.web\manifiesto.web.tests\bin\debug\manifiesto.web.tests.dll" id="594525dc-3ee5-db5e-4a9f-8b1683282581">
      <Execution id="a3b7149f-18c6-4b08-a98c-87cfcdd1a318" />
      <TestMethod codeBase="C:/inetpub/wwwroot/ProyectosLV/Manifiesto.Web/Manifiesto.Web.Tests/bin/Debug/Manifiesto.Web.Tests.DLL" adapterTypeName="Microsoft.VisualStudio.TestTools.TestTypes.Unit.UnitTestAdapter, Microsoft.VisualStudio.QualityTools.Tips.UnitTest.Adapter, Version=10.0.0.0, Culture=neutral, PublicKeyToken=b03f5f7f11d50a3a" className="Manifiesto.Web.Tests.Maritimo.TraficoControllerTest, Manifiesto.Web.Tests, Version=1.0.0.0, Culture=neutral, PublicKeyToken=null" name="Create_Return_View" />
    </UnitTest>
    <UnitTest name="Create_Voyage_Return_NotNull" storage="c:\inetpub\wwwroot\proyectoslv\manifiesto.web\manifiesto.web.tests\bin\debug\manifiesto.web.tests.dll" id="d7c67ffe-d6a0-e0bb-d782-a0e1cf47fc10">
      <Execution id="10db0938-6bec-4d65-b706-b41be74542e6" />
      <TestMethod codeBase="C:/inetpub/wwwroot/ProyectosLV/Manifiesto.Web/Manifiesto.Web.Tests/bin/Debug/Manifiesto.Web.Tests.DLL" adapterTypeName="Microsoft.VisualStudio.TestTools.TestTypes.Unit.UnitTestAdapter, Microsoft.VisualStudio.QualityTools.Tips.UnitTest.Adapter, Version=10.0.0.0, Culture=neutral, PublicKeyToken=b03f5f7f11d50a3a" className="Manifiesto.Web.Tests.Aereo.ManifestControllerTest, Manifiesto.Web.Tests, Version=1.0.0.0, Culture=neutral, PublicKeyToken=null" name="Create_Voyage_Return_NotNull" />
    </UnitTest>
    <UnitTest name="Index_Return_NotNull" storage="c:\inetpub\wwwroot\proyectoslv\manifiesto.web\manifiesto.web.tests\bin\debug\manifiesto.web.tests.dll" id="859782cc-4c7f-74ea-cd29-83a633891ab5">
      <Execution id="aaa3fbfb-ded7-48df-bbf8-231e9146f407" />
      <TestMethod codeBase="C:/inetpub/wwwroot/ProyectosLV/Manifiesto.Web/Manifiesto.Web.Tests/bin/Debug/Manifiesto.Web.Tests.DLL" adapterTypeName="Microsoft.VisualStudio.TestTools.TestTypes.Unit.UnitTestAdapter, Microsoft.VisualStudio.QualityTools.Tips.UnitTest.Adapter, Version=10.0.0.0, Culture=neutral, PublicKeyToken=b03f5f7f11d50a3a" className="Manifiesto.Web.Tests.Aereo.ExportControllerTest, Manifiesto.Web.Tests, Version=1.0.0.0, Culture=neutral, PublicKeyToken=null" name="Index_Return_NotNull" />
    </UnitTest>
    <UnitTest name="Index_Return_NotNull" storage="c:\inetpub\wwwroot\proyectoslv\manifiesto.web\manifiesto.web.tests\bin\debug\manifiesto.web.tests.dll" id="6fc850a3-de3f-2da2-e36c-a81395bd8165">
      <Execution id="464e1a89-a8db-4605-a502-2bfeba2b926a" />
      <TestMethod codeBase="C:/inetpub/wwwroot/ProyectosLV/Manifiesto.Web/Manifiesto.Web.Tests/bin/Debug/Manifiesto.Web.Tests.DLL" adapterTypeName="Microsoft.VisualStudio.TestTools.TestTypes.Unit.UnitTestAdapter, Microsoft.VisualStudio.QualityTools.Tips.UnitTest.Adapter, Version=10.0.0.0, Culture=neutral, PublicKeyToken=b03f5f7f11d50a3a" className="Manifiesto.Web.Tests.Maritimo.TraficoControllerTest, Manifiesto.Web.Tests, Version=1.0.0.0, Culture=neutral, PublicKeyToken=null" name="Index_Return_NotNull" />
    </UnitTest>
    <UnitTest name="Login_Return_NotNull" storage="c:\inetpub\wwwroot\proyectoslv\manifiesto.web\manifiesto.web.tests\bin\debug\manifiesto.web.tests.dll" id="7acf22b7-2b6a-79e5-ef78-7b7f6634f77f">
      <Execution id="afa64693-bc46-49de-bd38-3763f10f55d3" />
      <TestMethod codeBase="C:/inetpub/wwwroot/ProyectosLV/Manifiesto.Web/Manifiesto.Web.Tests/bin/Debug/Manifiesto.Web.Tests.DLL" adapterTypeName="Microsoft.VisualStudio.TestTools.TestTypes.Unit.UnitTestAdapter, Microsoft.VisualStudio.QualityTools.Tips.UnitTest.Adapter, Version=10.0.0.0, Culture=neutral, PublicKeyToken=b03f5f7f11d50a3a" className="Manifiesto.Web.Tests.Controllers.AccountControllerTest, Manifiesto.Web.Tests, Version=1.0.0.0, Culture=neutral, PublicKeyToken=null" name="Login_Return_NotNull" />
    </UnitTest>
    <UnitTest name="finGuia_Return_NotNull" storage="c:\inetpub\wwwroot\proyectoslv\manifiesto.web\manifiesto.web.tests\bin\debug\manifiesto.web.tests.dll" id="80e1f92b-baf3-7ac4-b7ca-e9cbf5bb42a3">
      <Execution id="67ea32c7-990b-4dbb-9ad8-f58d93311ae5" />
      <TestMethod codeBase="C:/inetpub/wwwroot/ProyectosLV/Manifiesto.Web/Manifiesto.Web.Tests/bin/Debug/Manifiesto.Web.Tests.DLL" adapterTypeName="Microsoft.VisualStudio.TestTools.TestTypes.Unit.UnitTestAdapter, Microsoft.VisualStudio.QualityTools.Tips.UnitTest.Adapter, Version=10.0.0.0, Culture=neutral, PublicKeyToken=b03f5f7f11d50a3a" className="Manifiesto.Web.Tests.Aereo.ManifestControllerTest, Manifiesto.Web.Tests, Version=1.0.0.0, Culture=neutral, PublicKeyToken=null" name="finGuia_Return_NotNull" />
    </UnitTest>
    <UnitTest name="Index_Return_NotNull" storage="c:\inetpub\wwwroot\proyectoslv\manifiesto.web\manifiesto.web.tests\bin\debug\manifiesto.web.tests.dll" id="15568ee3-e003-e275-ae46-1e423acfa098">
      <Execution id="3fa30e59-8d90-4683-a1cd-dec5279a91dc" />
      <TestMethod codeBase="C:/inetpub/wwwroot/ProyectosLV/Manifiesto.Web/Manifiesto.Web.Tests/bin/Debug/Manifiesto.Web.Tests.DLL" adapterTypeName="Microsoft.VisualStudio.TestTools.TestTypes.Unit.UnitTestAdapter, Microsoft.VisualStudio.QualityTools.Tips.UnitTest.Adapter, Version=10.0.0.0, Culture=neutral, PublicKeyToken=b03f5f7f11d50a3a" className="Manifiesto.Web.Tests.Aereo.ImportControllerTest, Manifiesto.Web.Tests, Version=1.0.0.0, Culture=neutral, PublicKeyToken=null" name="Index_Return_NotNull" />
    </UnitTest>
    <UnitTest name="LogOff_Return_NotNull" storage="c:\inetpub\wwwroot\proyectoslv\manifiesto.web\manifiesto.web.tests\bin\debug\manifiesto.web.tests.dll" id="48df8f7f-84dc-8856-abfc-e2193f504ae6">
      <Execution id="d1fb14eb-58e0-4f2a-889c-9a4c91f97920" />
      <TestMethod codeBase="C:/inetpub/wwwroot/ProyectosLV/Manifiesto.Web/Manifiesto.Web.Tests/bin/Debug/Manifiesto.Web.Tests.DLL" adapterTypeName="Microsoft.VisualStudio.TestTools.TestTypes.Unit.UnitTestAdapter, Microsoft.VisualStudio.QualityTools.Tips.UnitTest.Adapter, Version=10.0.0.0, Culture=neutral, PublicKeyToken=b03f5f7f11d50a3a" className="Manifiesto.Web.Tests.Controllers.AccountControllerTest, Manifiesto.Web.Tests, Version=1.0.0.0, Culture=neutral, PublicKeyToken=null" name="LogOff_Return_NotNull" />
    </UnitTest>
    <UnitTest name="Login_Post_Return_NotNull" storage="c:\inetpub\wwwroot\proyectoslv\manifiesto.web\manifiesto.web.tests\bin\debug\manifiesto.web.tests.dll" id="c14d9c41-032c-5ed7-54d3-3fafc2192b17">
      <Execution id="28e9e7cf-9207-4cf5-996b-12cb30a3ed3d" />
      <TestMethod codeBase="C:/inetpub/wwwroot/ProyectosLV/Manifiesto.Web/Manifiesto.Web.Tests/bin/Debug/Manifiesto.Web.Tests.DLL" adapterTypeName="Microsoft.VisualStudio.TestTools.TestTypes.Unit.UnitTestAdapter, Microsoft.VisualStudio.QualityTools.Tips.UnitTest.Adapter, Version=10.0.0.0, Culture=neutral, PublicKeyToken=b03f5f7f11d50a3a" className="Manifiesto.Web.Tests.Controllers.AccountControllerTest, Manifiesto.Web.Tests, Version=1.0.0.0, Culture=neutral, PublicKeyToken=null" name="Login_Post_Return_NotNull" />
    </UnitTest>
    <UnitTest name="Index_Return_NotNull" storage="c:\inetpub\wwwroot\proyectoslv\manifiesto.web\manifiesto.web.tests\bin\debug\manifiesto.web.tests.dll" id="0be65871-ac44-91e8-eff5-5f8dffae63c4">
      <Execution id="c5b1a78e-56d6-4d6a-b322-95e32acf0b22" />
      <TestMethod codeBase="C:/inetpub/wwwroot/ProyectosLV/Manifiesto.Web/Manifiesto.Web.Tests/bin/Debug/Manifiesto.Web.Tests.DLL" adapterTypeName="Microsoft.VisualStudio.TestTools.TestTypes.Unit.UnitTestAdapter, Microsoft.VisualStudio.QualityTools.Tips.UnitTest.Adapter, Version=10.0.0.0, Culture=neutral, PublicKeyToken=b03f5f7f11d50a3a" className="Manifiesto.Web.Tests.Aereo.ManifestControllerTest, Manifiesto.Web.Tests, Version=1.0.0.0, Culture=neutral, PublicKeyToken=null" name="Index_Return_NotNull" />
    </UnitTest>
    <UnitTest name="Login_Post_Return_InvalidModel" storage="c:\inetpub\wwwroot\proyectoslv\manifiesto.web\manifiesto.web.tests\bin\debug\manifiesto.web.tests.dll" id="c79ee40d-bcef-14c1-44f8-1fc1d9c2b8d9">
      <Execution id="898a154d-aa78-423e-bc3c-9af0f0c8f0c4" />
      <TestMethod codeBase="C:/inetpub/wwwroot/ProyectosLV/Manifiesto.Web/Manifiesto.Web.Tests/bin/Debug/Manifiesto.Web.Tests.DLL" adapterTypeName="Microsoft.VisualStudio.TestTools.TestTypes.Unit.UnitTestAdapter, Microsoft.VisualStudio.QualityTools.Tips.UnitTest.Adapter, Version=10.0.0.0, Culture=neutral, PublicKeyToken=b03f5f7f11d50a3a" className="Manifiesto.Web.Tests.Controllers.AccountControllerTest, Manifiesto.Web.Tests, Version=1.0.0.0, Culture=neutral, PublicKeyToken=null" name="Login_Post_Return_InvalidModel" />
    </UnitTest>
  </TestDefinitions>
  <TestLists>
    <TestList name="Results Not in a List" id="8c84fa94-04c1-424b-9868-57a2d4851a1d" />
    <TestList name="All Loaded Results" id="19431567-8539-422a-85d7-44ee4e166bda" />
  </TestLists>
  <TestEntries>
    <TestEntry testId="0be65871-ac44-91e8-eff5-5f8dffae63c4" executionId="c5b1a78e-56d6-4d6a-b322-95e32acf0b22" testListId="8c84fa94-04c1-424b-9868-57a2d4851a1d" />
    <TestEntry testId="15568ee3-e003-e275-ae46-1e423acfa098" executionId="3fa30e59-8d90-4683-a1cd-dec5279a91dc" testListId="8c84fa94-04c1-424b-9868-57a2d4851a1d" />
    <TestEntry testId="48df8f7f-84dc-8856-abfc-e2193f504ae6" executionId="d1fb14eb-58e0-4f2a-889c-9a4c91f97920" testListId="8c84fa94-04c1-424b-9868-57a2d4851a1d" />
    <TestEntry testId="580c43ce-5ece-8590-bf09-da59bbe29037" executionId="56e537c1-37bd-4fed-8544-9b86212dff5a" testListId="8c84fa94-04c1-424b-9868-57a2d4851a1d" />
    <TestEntry testId="594525dc-3ee5-db5e-4a9f-8b1683282581" executionId="a3b7149f-18c6-4b08-a98c-87cfcdd1a318" testListId="8c84fa94-04c1-424b-9868-57a2d4851a1d" />
    <TestEntry testId="6fc850a3-de3f-2da2-e36c-a81395bd8165" executionId="464e1a89-a8db-4605-a502-2bfeba2b926a" testListId="8c84fa94-04c1-424b-9868-57a2d4851a1d" />
    <TestEntry testId="7acf22b7-2b6a-79e5-ef78-7b7f6634f77f" executionId="afa64693-bc46-49de-bd38-3763f10f55d3" testListId="8c84fa94-04c1-424b-9868-57a2d4851a1d" />
    <TestEntry testId="80e1f92b-baf3-7ac4-b7ca-e9cbf5bb42a3" executionId="67ea32c7-990b-4dbb-9ad8-f58d93311ae5" testListId="8c84fa94-04c1-424b-9868-57a2d4851a1d" />
    <TestEntry testId="859782cc-4c7f-74ea-cd29-83a633891ab5" executionId="aaa3fbfb-ded7-48df-bbf8-231e9146f407" testListId="8c84fa94-04c1-424b-9868-57a2d4851a1d" />
    <TestEntry testId="9ff32c1d-748e-5536-d71f-7ff29fb29e81" executionId="43fc5230-a8c5-4c88-b544-6a482cf40daf" testListId="8c84fa94-04c1-424b-9868-57a2d4851a1d" />
    <TestEntry testId="b046c936-faa9-abb3-379e-44eedefa2f29" executionId="d3b807e6-b09d-436c-a250-6b42bba8ec68" testListId="8c84fa94-04c1-424b-9868-57a2d4851a1d" />
    <TestEntry testId="c14d9c41-032c-5ed7-54d3-3fafc2192b17" executionId="28e9e7cf-9207-4cf5-996b-12cb30a3ed3d" testListId="8c84fa94-04c1-424b-9868-57a2d4851a1d" />
    <TestEntry testId="c79ee40d-bcef-14c1-44f8-1fc1d9c2b8d9" executionId="898a154d-aa78-423e-bc3c-9af0f0c8f0c4" testListId="8c84fa94-04c1-424b-9868-57a2d4851a1d" />
    <TestEntry testId="d7c67ffe-d6a0-e0bb-d782-a0e1cf47fc10" executionId="10db0938-6bec-4d65-b706-b41be74542e6" testListId="8c84fa94-04c1-424b-9868-57a2d4851a1d" />
    <TestEntry testId="f2863c67-4f0a-4aa9-7a1c-c78f7666e71c" executionId="6382a2f1-d885-4767-8c43-a87a8c5ba5e7" testListId="8c84fa94-04c1-424b-9868-57a2d4851a1d" />
  </TestEntries>
  <Results>
    <UnitTestResult executionId="c5b1a78e-56d6-4d6a-b322-95e32acf0b22" testId="0be65871-ac44-91e8-eff5-5f8dffae63c4" testName="Index_Return_NotNull" computerName="GT-IT-05" duration="00:00:00.2019909" startTime="2015-07-10T17:04:57.1782234-06:00" endTime="2015-07-10T17:04:57.5252433-06:00" testType="13cdc9d9-ddb5-4fa4-a97d-d965ccfc6d4b" outcome="Passed" testListId="8c84fa94-04c1-424b-9868-57a2d4851a1d" relativeResultsDirectory="c5b1a78e-56d6-4d6a-b322-95e32acf0b22">
    </UnitTestResult>
    <UnitTestResult executionId="3fa30e59-8d90-4683-a1cd-dec5279a91dc" testId="15568ee3-e003-e275-ae46-1e423acfa098" testName="Index_Return_NotNull" computerName="GT-IT-05" duration="00:00:00.0032890" startTime="2015-07-10T17:04:57.5262433-06:00" endTime="2015-07-10T17:04:57.5322437-06:00" testType="13cdc9d9-ddb5-4fa4-a97d-d965ccfc6d4b" outcome="Passed" testListId="8c84fa94-04c1-424b-9868-57a2d4851a1d" relativeResultsDirectory="3fa30e59-8d90-4683-a1cd-dec5279a91dc">
    </UnitTestResult>
    <UnitTestResult executionId="d1fb14eb-58e0-4f2a-889c-9a4c91f97920" testId="48df8f7f-84dc-8856-abfc-e2193f504ae6" testName="LogOff_Return_NotNull" computerName="GT-IT-05" duration="00:00:00.0331956" startTime="2015-07-10T17:04:57.5332437-06:00" endTime="2015-07-10T17:04:57.5672457-06:00" testType="13cdc9d9-ddb5-4fa4-a97d-d965ccfc6d4b" outcome="Passed" testListId="8c84fa94-04c1-424b-9868-57a2d4851a1d" relativeResultsDirectory="d1fb14eb-58e0-4f2a-889c-9a4c91f97920">
    </UnitTestResult>
    <UnitTestResult executionId="56e537c1-37bd-4fed-8544-9b86212dff5a" testId="580c43ce-5ece-8590-bf09-da59bbe29037" testName="Index_Return_WithData" computerName="GT-IT-05" duration="00:00:00.0076040" startTime="2015-07-10T17:04:57.5692458-06:00" endTime="2015-07-10T17:04:57.5782463-06:00" testType="13cdc9d9-ddb5-4fa4-a97d-d965ccfc6d4b" outcome="Passed" testListId="8c84fa94-04c1-424b-9868-57a2d4851a1d" relativeResultsDirectory="56e537c1-37bd-4fed-8544-9b86212dff5a">
    </UnitTestResult>
    <UnitTestResult executionId="a3b7149f-18c6-4b08-a98c-87cfcdd1a318" testId="594525dc-3ee5-db5e-4a9f-8b1683282581" testName="Create_Return_View" computerName="GT-IT-05" duration="00:00:00.0009638" startTime="2015-07-10T17:04:57.5792464-06:00" endTime="2015-07-10T17:04:57.5812465-06:00" testType="13cdc9d9-ddb5-4fa4-a97d-d965ccfc6d4b" outcome="Passed" testListId="8c84fa94-04c1-424b-9868-57a2d4851a1d" relativeResultsDirectory="a3b7149f-18c6-4b08-a98c-87cfcdd1a318">
    </UnitTestResult>
    <UnitTestResult executionId="464e1a89-a8db-4605-a502-2bfeba2b926a" testId="6fc850a3-de3f-2da2-e36c-a81395bd8165" testName="Index_Return_NotNull" computerName="GT-IT-05" duration="00:00:00.0009861" startTime="2015-07-10T17:04:57.5822465-06:00" endTime="2015-07-10T17:04:57.5852467-06:00" testType="13cdc9d9-ddb5-4fa4-a97d-d965ccfc6d4b" outcome="Passed" testListId="8c84fa94-04c1-424b-9868-57a2d4851a1d" relativeResultsDirectory="464e1a89-a8db-4605-a502-2bfeba2b926a">
    </UnitTestResult>
    <UnitTestResult executionId="afa64693-bc46-49de-bd38-3763f10f55d3" testId="7acf22b7-2b6a-79e5-ef78-7b7f6634f77f" testName="Login_Return_NotNull" computerName="GT-IT-05" duration="00:00:00.0094942" startTime="2015-07-10T17:04:57.5862468-06:00" endTime="2015-07-10T17:04:57.5972474-06:00" testType="13cdc9d9-ddb5-4fa4-a97d-d965ccfc6d4b" outcome="Passed" testListId="8c84fa94-04c1-424b-9868-57a2d4851a1d" relativeResultsDirectory="afa64693-bc46-49de-bd38-3763f10f55d3">
    </UnitTestResult>
    <UnitTestResult executionId="67ea32c7-990b-4dbb-9ad8-f58d93311ae5" testId="80e1f92b-baf3-7ac4-b7ca-e9cbf5bb42a3" testName="finGuia_Return_NotNull" computerName="GT-IT-05" duration="00:00:00.0125532" startTime="2015-07-10T17:04:57.5982475-06:00" endTime="2015-07-10T17:04:57.6122483-06:00" testType="13cdc9d9-ddb5-4fa4-a97d-d965ccfc6d4b" outcome="Passed" testListId="8c84fa94-04c1-424b-9868-57a2d4851a1d" relativeResultsDirectory="67ea32c7-990b-4dbb-9ad8-f58d93311ae5">
    </UnitTestResult>
    <UnitTestResult executionId="aaa3fbfb-ded7-48df-bbf8-231e9146f407" testId="859782cc-4c7f-74ea-cd29-83a633891ab5" testName="Index_Return_NotNull" computerName="GT-IT-05" duration="00:00:00.0013417" startTime="2015-07-10T17:04:57.6132483-06:00" endTime="2015-07-10T17:04:57.6162485-06:00" testType="13cdc9d9-ddb5-4fa4-a97d-d965ccfc6d4b" outcome="Passed" testListId="8c84fa94-04c1-424b-9868-57a2d4851a1d" relativeResultsDirectory="aaa3fbfb-ded7-48df-bbf8-231e9146f407">
    </UnitTestResult>
    <UnitTestResult executionId="43fc5230-a8c5-4c88-b544-6a482cf40daf" testId="9ff32c1d-748e-5536-d71f-7ff29fb29e81" testName="Login_Post_InvalidUser" computerName="GT-IT-05" duration="00:00:00.0018286" startTime="2015-07-10T17:04:57.6172485-06:00" endTime="2015-07-10T17:04:57.6202487-06:00" testType="13cdc9d9-ddb5-4fa4-a97d-d965ccfc6d4b" outcome="Passed" testListId="8c84fa94-04c1-424b-9868-57a2d4851a1d" relativeResultsDirectory="43fc5230-a8c5-4c88-b544-6a482cf40daf">
    </UnitTestResult>
    <UnitTestResult executionId="d3b807e6-b09d-436c-a250-6b42bba8ec68" testId="b046c936-faa9-abb3-379e-44eedefa2f29" testName="Index_Return_NotNull" computerName="GT-IT-05" duration="00:00:00.0003317" startTime="2015-07-10T17:04:57.6212488-06:00" endTime="2015-07-10T17:04:57.6232489-06:00" testType="13cdc9d9-ddb5-4fa4-a97d-d965ccfc6d4b" outcome="Passed" testListId="8c84fa94-04c1-424b-9868-57a2d4851a1d" relativeResultsDirectory="d3b807e6-b09d-436c-a250-6b42bba8ec68">
    </UnitTestResult>
    <UnitTestResult executionId="28e9e7cf-9207-4cf5-996b-12cb30a3ed3d" testId="c14d9c41-032c-5ed7-54d3-3fafc2192b17" testName="Login_Post_Return_NotNull" computerName="GT-IT-05" duration="00:00:00.1204437" startTime="2015-07-10T17:04:57.6242489-06:00" endTime="2015-07-10T17:04:57.7462559-06:00" testType="13cdc9d9-ddb5-4fa4-a97d-d965ccfc6d4b" outcome="Passed" testListId="8c84fa94-04c1-424b-9868-57a2d4851a1d" relativeResultsDirectory="28e9e7cf-9207-4cf5-996b-12cb30a3ed3d">
    </UnitTestResult>
    <UnitTestResult executionId="898a154d-aa78-423e-bc3c-9af0f0c8f0c4" testId="c79ee40d-bcef-14c1-44f8-1fc1d9c2b8d9" testName="Login_Post_Return_InvalidModel" computerName="GT-IT-05" duration="00:00:00.0003027" startTime="2015-07-10T17:04:57.7472560-06:00" endTime="2015-07-10T17:04:57.7492561-06:00" testType="13cdc9d9-ddb5-4fa4-a97d-d965ccfc6d4b" outcome="Passed" testListId="8c84fa94-04c1-424b-9868-57a2d4851a1d" relativeResultsDirectory="898a154d-aa78-423e-bc3c-9af0f0c8f0c4">
    </UnitTestResult>
    <UnitTestResult executionId="10db0938-6bec-4d65-b706-b41be74542e6" testId="d7c67ffe-d6a0-e0bb-d782-a0e1cf47fc10" testName="Create_Voyage_Return_NotNull" computerName="GT-IT-05" duration="00:00:00.0042087" startTime="2015-07-10T17:04:57.7502562-06:00" endTime="2015-07-10T17:04:57.7562565-06:00" testType="13cdc9d9-ddb5-4fa4-a97d-d965ccfc6d4b" outcome="Passed" testListId="8c84fa94-04c1-424b-9868-57a2d4851a1d" relativeResultsDirectory="10db0938-6bec-4d65-b706-b41be74542e6">
    </UnitTestResult>
    <UnitTestResult executionId="6382a2f1-d885-4767-8c43-a87a8c5ba5e7" testId="f2863c67-4f0a-4aa9-7a1c-c78f7666e71c" testName="Create_Return_WithData" computerName="GT-IT-05" duration="00:00:00.0198663" startTime="2015-07-10T17:04:57.7572566-06:00" endTime="2015-07-10T17:04:57.7792578-06:00" testType="13cdc9d9-ddb5-4fa4-a97d-d965ccfc6d4b" outcome="Failed" testListId="8c84fa94-04c1-424b-9868-57a2d4851a1d" relativeResultsDirectory="6382a2f1-d885-4767-8c43-a87a8c5ba5e7">
      <Output>
        <ErrorInfo>
          <Message>Test method Manifiesto.Web.Tests.Maritimo.TraficoControllerTest.Create_Return_WithData threw exception: 
Moq.MockVerificationException: The following setups were not matched:
ICuscarMaritimoServices f =&gt; f.validate_size_of_name_commodities(35, "FCL")
</Message>
          <StackTrace>    en Moq.Mock.VerifyAll()
   en Manifiesto.Web.Tests.Maritimo.TraficoControllerTest.Create_Return_WithData() en C:\inetpub\wwwroot\ProyectosLV\Manifiesto.Web\Manifiesto.Web.Tests\Maritimo\TraficoControllerTest.cs:línea 96
</StackTrace>
        </ErrorInfo>
      </Output>
    </UnitTestResult>
  </Results>
</TestRun>